<?xml version="1.0" encoding="UTF-8"?>
<testsuite xmlns:xsi="http://www.w3.org/2001/XMLSchema-instance" xsi:noNamespaceSchemaLocation="https://maven.apache.org/surefire/maven-surefire-plugin/xsd/surefire-test-report.xsd" name="com.hovertest.HoverflyAppTest" time="135.167" tests="1" errors="1" skipped="0" failures="0">
  <properties>
[...]
</properties>
  <testcase name="getLeveranserTest" classname="com.hovertest.HoverflyAppTest" time="7.512">
    <error message="Failed calling method&#10;---- Debugging information ----&#10;message             : Failed calling method&#10;cause-exception     : java.lang.RuntimeException&#10;cause-message       : null&#10;method              : java.security.CodeSource.readObject()&#10;class               : java.security.CodeSource&#10;required-type       : java.security.CodeSource&#10;converter-type      : com.thoughtworks.xstream.converters.reflection.SerializableConverter&#10;path                : /io.specto.hoverfly.junit.core.Hoverfly/startedProcess/future/callable/target/closer/streams/outputThread/group/parent/threads/java.lang.Thread/contextClassLoader/parent/defaultDomain/codesource/java.security.CodeSource&#10;line number         : 19351&#10;class[1]            : java.security.ProtectionDomain&#10;required-type[1]    : java.security.ProtectionDomain&#10;converter-type[1]   : com.thoughtworks.xstream.converters.reflection.ReflectionConverter&#10;class[2]            : sun.misc.Launcher$ExtClassLoader&#10;required-type[2]    : sun.misc.Launcher$ExtClassLoader&#10;class[3]            : sun.misc.Launcher$AppClassLoader&#10;required-type[3]    : sun.misc.Launcher$AppClassLoader&#10;class[4]            : java.lang.Thread&#10;required-type[4]    : java.lang.Thread&#10;class[5]            : [Ljava.lang.Thread;&#10;required-type[5]    : [Ljava.lang.Thread;&#10;converter-type[2]   : com.thoughtworks.xstream.converters.collections.ArrayConverter&#10;class[6]            : java.lang.ThreadGroup&#10;required-type[6]    : java.lang.ThreadGroup&#10;class[7]            : org.zeroturnaround.exec.stream.PumpStreamHandler&#10;required-type[7]    : org.zeroturnaround.exec.stream.PumpStreamHandler&#10;class[8]            : org.zeroturnaround.exec.close.StandardProcessCloser&#10;required-type[8]    : org.zeroturnaround.exec.close.StandardProcessCloser&#10;class[9]            : org.zeroturnaround.exec.WaitForProcess&#10;required-type[9]    : org.zeroturnaround.exec.WaitForProcess&#10;class[10]           : org.zeroturnaround.exec.MDCCallableAdapter&#10;required-type[10]   : org.zeroturnaround.exec.MDCCallableAdapter&#10;class[11]           : java.util.concurrent.ScheduledThreadPoolExecutor$ScheduledFutureTask&#10;required-type[11]   : java.util.concurrent.ScheduledThreadPoolExecutor$ScheduledFutureTask&#10;class[12]           : org.zeroturnaround.exec.StartedProcess&#10;required-type[12]   : org.zeroturnaround.exec.StartedProcess&#10;class[13]           : io.specto.hoverfly.junit.core.Hoverfly&#10;required-type[13]   : io.specto.hoverfly.junit.core.Hoverfly&#10;version             : 1.4.11.1&#10;-------------------------------" type="com.thoughtworks.xstream.converters.ConversionException">com.thoughtworks.xstream.converters.ConversionException: 
Failed calling method
---- Debugging information ----
message             : Failed calling method
cause-exception     : java.lang.RuntimeException
cause-message       : null
method              : java.security.CodeSource.readObject()
class               : java.security.CodeSource
required-type       : java.security.CodeSource
converter-type      : com.thoughtworks.xstream.converters.reflection.SerializableConverter
path                : /io.specto.hoverfly.junit.core.Hoverfly/startedProcess/future/callable/target/closer/streams/outputThread/group/parent/threads/java.lang.Thread/contextClassLoader/parent/defaultDomain/codesource/java.security.CodeSource
line number         : 19351
class[1]            : java.security.ProtectionDomain
required-type[1]    : java.security.ProtectionDomain
converter-type[1]   : com.thoughtworks.xstream.converters.reflection.ReflectionConverter
class[2]            : sun.misc.Launcher$ExtClassLoader
required-type[2]    : sun.misc.Launcher$ExtClassLoader
class[3]            : sun.misc.Launcher$AppClassLoader
required-type[3]    : sun.misc.Launcher$AppClassLoader
class[4]            : java.lang.Thread
required-type[4]    : java.lang.Thread
class[5]            : [Ljava.lang.Thread;
required-type[5]    : [Ljava.lang.Thread;
converter-type[2]   : com.thoughtworks.xstream.converters.collections.ArrayConverter
class[6]            : java.lang.ThreadGroup
required-type[6]    : java.lang.ThreadGroup
class[7]            : org.zeroturnaround.exec.stream.PumpStreamHandler
required-type[7]    : org.zeroturnaround.exec.stream.PumpStreamHandler
class[8]            : org.zeroturnaround.exec.close.StandardProcessCloser
required-type[8]    : org.zeroturnaround.exec.close.StandardProcessCloser
class[9]            : org.zeroturnaround.exec.WaitForProcess
required-type[9]    : org.zeroturnaround.exec.WaitForProcess
class[10]           : org.zeroturnaround.exec.MDCCallableAdapter
required-type[10]   : org.zeroturnaround.exec.MDCCallableAdapter
class[11]           : java.util.concurrent.ScheduledThreadPoolExecutor$ScheduledFutureTask
required-type[11]   : java.util.concurrent.ScheduledThreadPoolExecutor$ScheduledFutureTask
class[12]           : org.zeroturnaround.exec.StartedProcess
required-type[12]   : org.zeroturnaround.exec.StartedProcess
class[13]           : io.specto.hoverfly.junit.core.Hoverfly
required-type[13]   : io.specto.hoverfly.junit.core.Hoverfly
version             : 1.4.11.1
-------------------------------
Caused by: java.lang.RuntimeException
</error>
    <system-out><![CDATA[Downloading from central: https://repo.maven.apache.org/maven2/io/quarkus/quarkus-arc-deployment/1.5.1.Final/quarkus-arc-deployment-1.5.1.Final.pom
Progress (1): quarkus-arc-deployment-1.5.1.Final.pom (1.6 kB)                                                             Downloaded from central: https://repo.maven.apache.org/maven2/io/quarkus/quarkus-arc-deployment/1.5.1.Final/quarkus-arc-deployment-1.5.1.Final.pom (1.6 kB at 814 B/s)
Downloading from central: https://repo.maven.apache.org/maven2/io/quarkus/arc/arc-processor/1.5.1.Final/arc-processor-1.5.1.Final.pom
Progress (1): arc-processor-1.5.1.Final.pom (1.7 kB)                                                    Downloaded from central: https://repo.maven.apache.org/maven2/io/quarkus/arc/arc-processor/1.5.1.Final/arc-processor-1.5.1.Final.pom (1.7 kB at 2.8 kB/s)
Downloading from central: https://repo.maven.apache.org/maven2/io/quarkus/quarkus-smallrye-health-deployment/1.5.1.Final/quarkus-smallrye-health-deployment-1.5.1.Final.pom
Progress (1): quarkus-smallrye-health-deployment-1.5.1.Final.pom (2.6 kB)                                                                         Downloaded from central: https://repo.maven.apache.org/maven2/io/quarkus/quarkus-smallrye-health-deployment/1.5.1.Final/quarkus-smallrye-health-deployment-1.5.1.Final.pom (2.6 kB at 11 kB/s)
Downloading from central: https://repo.maven.apache.org/maven2/io/quarkus/quarkus-vertx-http-deployment/1.5.1.Final/quarkus-vertx-http-deployment-1.5.1.Final.pom
Progress (1): quarkus-vertx-http-deployment-1.5.1.Final.pom (2.7/3.0 kB)Progress (1): quarkus-vertx-http-deployment-1.5.1.Final.pom (3.0 kB)                                                                        Downloaded from central: https://repo.maven.apache.org/maven2/io/quarkus/quarkus-vertx-http-deployment/1.5.1.Final/quarkus-vertx-http-deployment-1.5.1.Final.pom (3.0 kB at 13 kB/s)
Downloading from central: https://repo.maven.apache.org/maven2/io/quarkus/quarkus-vertx-core-deployment/1.5.1.Final/quarkus-vertx-core-deployment-1.5.1.Final.pom
Progress (1): quarkus-vertx-core-deployment-1.5.1.Final.pom (2.4 kB)                                                                    Downloaded from central: https://repo.maven.apache.org/maven2/io/quarkus/quarkus-vertx-core-deployment/1.5.1.Final/quarkus-vertx-core-deployment-1.5.1.Final.pom (2.4 kB at 6.4 kB/s)
Downloading from central: https://repo.maven.apache.org/maven2/io/quarkus/quarkus-netty-deployment/1.5.1.Final/quarkus-netty-deployment-1.5.1.Final.pom
Progress (1): quarkus-netty-deployment-1.5.1.Final.pom (1.6 kB)                                                               Downloaded from central: https://repo.maven.apache.org/maven2/io/quarkus/quarkus-netty-deployment/1.5.1.Final/quarkus-netty-deployment-1.5.1.Final.pom (1.6 kB at 4.7 kB/s)
Downloading from central: https://repo.maven.apache.org/maven2/io/quarkus/quarkus-kubernetes-spi/1.5.1.Final/quarkus-kubernetes-spi-1.5.1.Final.pom
Progress (1): quarkus-kubernetes-spi-1.5.1.Final.pom (1.2 kB)                                                             Downloaded from central: https://repo.maven.apache.org/maven2/io/quarkus/quarkus-kubernetes-spi/1.5.1.Final/quarkus-kubernetes-spi-1.5.1.Final.pom (1.2 kB at 3.8 kB/s)
Downloading from central: https://repo.maven.apache.org/maven2/io/quarkus/quarkus-kubernetes-parent/1.5.1.Final/quarkus-kubernetes-parent-1.5.1.Final.pom
Progress (1): quarkus-kubernetes-parent-1.5.1.Final.pom (820 B)                                                               Downloaded from central: https://repo.maven.apache.org/maven2/io/quarkus/quarkus-kubernetes-parent/1.5.1.Final/quarkus-kubernetes-parent-1.5.1.Final.pom (820 B at 3.1 kB/s)
Downloading from central: https://repo.maven.apache.org/maven2/io/quarkus/quarkus-smallrye-health-spi/1.5.1.Final/quarkus-smallrye-health-spi-1.5.1.Final.pom
Progress (1): quarkus-smallrye-health-spi-1.5.1.Final.pom (816 B)                                                                 Downloaded from central: https://repo.maven.apache.org/maven2/io/quarkus/quarkus-smallrye-health-spi/1.5.1.Final/quarkus-smallrye-health-spi-1.5.1.Final.pom (816 B at 2.6 kB/s)
Downloading from central: https://repo.maven.apache.org/maven2/io/quarkus/quarkus-smallrye-metrics-deployment/1.5.1.Final/quarkus-smallrye-metrics-deployment-1.5.1.Final.pom
Progress (1): quarkus-smallrye-metrics-deployment-1.5.1.Final.pom (2.7/3.1 kB)Progress (1): quarkus-smallrye-metrics-deployment-1.5.1.Final.pom (3.1 kB)                                                                              Downloaded from central: https://repo.maven.apache.org/maven2/io/quarkus/quarkus-smallrye-metrics-deployment/1.5.1.Final/quarkus-smallrye-metrics-deployment-1.5.1.Final.pom (3.1 kB at 7.7 kB/s)
Downloading from central: https://repo.maven.apache.org/maven2/io/quarkus/quarkus-smallrye-metrics-spi/1.5.1.Final/quarkus-smallrye-metrics-spi-1.5.1.Final.pom
Progress (1): quarkus-smallrye-metrics-spi-1.5.1.Final.pom (1.3 kB)                                                                   Downloaded from central: https://repo.maven.apache.org/maven2/io/quarkus/quarkus-smallrye-metrics-spi/1.5.1.Final/quarkus-smallrye-metrics-spi-1.5.1.Final.pom (1.3 kB at 7.9 kB/s)
Downloading from central: https://repo.maven.apache.org/maven2/io/quarkus/quarkus-smallrye-fault-tolerance-deployment/1.5.1.Final/quarkus-smallrye-fault-tolerance-deployment-1.5.1.Final.pom
Progress (1): quarkus-smallrye-fault-tolerance-deployment-1.5.1.Final.pom (2.2 kB)                                                                                  Downloaded from central: https://repo.maven.apache.org/maven2/io/quarkus/quarkus-smallrye-fault-tolerance-deployment/1.5.1.Final/quarkus-smallrye-fault-tolerance-deployment-1.5.1.Final.pom (2.2 kB at 3.7 kB/s)
Downloading from central: https://repo.maven.apache.org/maven2/io/quarkus/quarkus-smallrye-context-propagation-deployment/1.5.1.Final/quarkus-smallrye-context-propagation-deployment-1.5.1.Final.pom
Progress (1): quarkus-smallrye-context-propagation-deployment-1.5.1.Final.pom (2.7/4.7 kB)Progress (1): quarkus-smallrye-context-propagation-deployment-1.5.1.Final.pom (4.7 kB)                                                                                          Downloaded from central: https://repo.maven.apache.org/maven2/io/quarkus/quarkus-smallrye-context-propagation-deployment/1.5.1.Final/quarkus-smallrye-context-propagation-deployment-1.5.1.Final.pom (4.7 kB at 14 kB/s)
Downloading from central: https://repo.maven.apache.org/maven2/org/graalvm/nativeimage/svm/19.3.1/svm-19.3.1.pom
Progress (1): svm-19.3.1.pom (2.7 kB)                                     Downloaded from central: https://repo.maven.apache.org/maven2/org/graalvm/nativeimage/svm/19.3.1/svm-19.3.1.pom (2.7 kB at 13 kB/s)
Downloading from central: https://repo.maven.apache.org/maven2/io/quarkus/quarkus-smallrye-openapi-deployment/1.5.1.Final/quarkus-smallrye-openapi-deployment-1.5.1.Final.pom
Progress (1): quarkus-smallrye-openapi-deployment-1.5.1.Final.pom (2.3 kB)                                                                          Downloaded from central: https://repo.maven.apache.org/maven2/io/quarkus/quarkus-smallrye-openapi-deployment/1.5.1.Final/quarkus-smallrye-openapi-deployment-1.5.1.Final.pom (2.3 kB at 5.6 kB/s)
Downloading from central: https://repo.maven.apache.org/maven2/io/quarkus/quarkus-resteasy-deployment/1.5.1.Final/quarkus-resteasy-deployment-1.5.1.Final.pom
Progress (1): quarkus-resteasy-deployment-1.5.1.Final.pom (2.7/4.0 kB)Progress (1): quarkus-resteasy-deployment-1.5.1.Final.pom (4.0 kB)                                                                      Downloaded from central: https://repo.maven.apache.org/maven2/io/quarkus/quarkus-resteasy-deployment/1.5.1.Final/quarkus-resteasy-deployment-1.5.1.Final.pom (4.0 kB at 13 kB/s)
Downloading from central: https://repo.maven.apache.org/maven2/io/quarkus/quarkus-resteasy-server-common-deployment/1.5.1.Final/quarkus-resteasy-server-common-deployment-1.5.1.Final.pom
Progress (1): quarkus-resteasy-server-common-deployment-1.5.1.Final.pom (2.2 kB)                                                                                Downloaded from central: https://repo.maven.apache.org/maven2/io/quarkus/quarkus-resteasy-server-common-deployment/1.5.1.Final/quarkus-resteasy-server-common-deployment-1.5.1.Final.pom (2.2 kB at 7.6 kB/s)
Downloading from central: https://repo.maven.apache.org/maven2/io/quarkus/quarkus-resteasy-common-deployment/1.5.1.Final/quarkus-resteasy-common-deployment-1.5.1.Final.pom
Progress (1): quarkus-resteasy-common-deployment-1.5.1.Final.pom (2.0 kB)                                                                         Downloaded from central: https://repo.maven.apache.org/maven2/io/quarkus/quarkus-resteasy-common-deployment/1.5.1.Final/quarkus-resteasy-common-deployment-1.5.1.Final.pom (2.0 kB at 9.3 kB/s)
Downloading from central: https://repo.maven.apache.org/maven2/io/quarkus/quarkus-resteasy-common-spi/1.5.1.Final/quarkus-resteasy-common-spi-1.5.1.Final.pom
Progress (1): quarkus-resteasy-common-spi-1.5.1.Final.pom (817 B)                                                                 Downloaded from central: https://repo.maven.apache.org/maven2/io/quarkus/quarkus-resteasy-common-spi/1.5.1.Final/quarkus-resteasy-common-spi-1.5.1.Final.pom (817 B at 1.8 kB/s)
Downloading from central: https://repo.maven.apache.org/maven2/io/quarkus/quarkus-resteasy-server-common-spi/1.5.1.Final/quarkus-resteasy-server-common-spi-1.5.1.Final.pom
Progress (1): quarkus-resteasy-server-common-spi-1.5.1.Final.pom (889 B)                                                                        Downloaded from central: https://repo.maven.apache.org/maven2/io/quarkus/quarkus-resteasy-server-common-spi/1.5.1.Final/quarkus-resteasy-server-common-spi-1.5.1.Final.pom (889 B at 1.6 kB/s)
Downloading from central: https://repo.maven.apache.org/maven2/io/quarkus/quarkus-undertow-spi/1.5.1.Final/quarkus-undertow-spi-1.5.1.Final.pom
Progress (1): quarkus-undertow-spi-1.5.1.Final.pom (2.0 kB)                                                           Downloaded from central: https://repo.maven.apache.org/maven2/io/quarkus/quarkus-undertow-spi/1.5.1.Final/quarkus-undertow-spi-1.5.1.Final.pom (2.0 kB at 5.6 kB/s)
Downloading from central: https://repo.maven.apache.org/maven2/io/quarkus/quarkus-security-spi/1.5.1.Final/quarkus-security-spi-1.5.1.Final.pom
Progress (1): quarkus-security-spi-1.5.1.Final.pom (1.4 kB)                                                           Downloaded from central: https://repo.maven.apache.org/maven2/io/quarkus/quarkus-security-spi/1.5.1.Final/quarkus-security-spi-1.5.1.Final.pom (1.4 kB at 2.5 kB/s)
Downloading from central: https://repo.maven.apache.org/maven2/io/quarkus/quarkus-security-parent/1.5.1.Final/quarkus-security-parent-1.5.1.Final.pom
Progress (1): quarkus-security-parent-1.5.1.Final.pom (819 B)                                                             Downloaded from central: https://repo.maven.apache.org/maven2/io/quarkus/quarkus-security-parent/1.5.1.Final/quarkus-security-parent-1.5.1.Final.pom (819 B at 1.7 kB/s)
Downloading from central: https://repo.maven.apache.org/maven2/io/quarkus/quarkus-smallrye-openapi-common-deployment/1.5.1.Final/quarkus-smallrye-openapi-common-deployment-1.5.1.Final.pom
Progress (1): quarkus-smallrye-openapi-common-deployment-1.5.1.Final.pom (1.5 kB)                                                                                 Downloaded from central: https://repo.maven.apache.org/maven2/io/quarkus/quarkus-smallrye-openapi-common-deployment/1.5.1.Final/quarkus-smallrye-openapi-common-deployment-1.5.1.Final.pom (1.5 kB at 11 kB/s)
Downloading from central: https://repo.maven.apache.org/maven2/io/quarkus/quarkus-smallrye-openapi-common-parent/1.5.1.Final/quarkus-smallrye-openapi-common-parent-1.5.1.Final.pom
Progress (1): quarkus-smallrye-openapi-common-parent-1.5.1.Final.pom (754 B)                                                                            Downloaded from central: https://repo.maven.apache.org/maven2/io/quarkus/quarkus-smallrye-openapi-common-parent/1.5.1.Final/quarkus-smallrye-openapi-common-parent-1.5.1.Final.pom (754 B at 1.7 kB/s)
Downloading from central: https://repo.maven.apache.org/maven2/io/quarkus/quarkus-swagger-ui-deployment/1.5.1.Final/quarkus-swagger-ui-deployment-1.5.1.Final.pom
Progress (1): quarkus-swagger-ui-deployment-1.5.1.Final.pom (2.5 kB)                                                                    Downloaded from central: https://repo.maven.apache.org/maven2/io/quarkus/quarkus-swagger-ui-deployment/1.5.1.Final/quarkus-swagger-ui-deployment-1.5.1.Final.pom (2.5 kB at 7.0 kB/s)
Downloading from central: https://repo.maven.apache.org/maven2/org/webjars/swagger-ui/3.25.0/swagger-ui-3.25.0.pom
Progress (1): swagger-ui-3.25.0.pom (2.7/6.1 kB)Progress (1): swagger-ui-3.25.0.pom (5.5/6.1 kB)Progress (1): swagger-ui-3.25.0.pom (6.1 kB)                                                Downloaded from central: https://repo.maven.apache.org/maven2/org/webjars/swagger-ui/3.25.0/swagger-ui-3.25.0.pom (6.1 kB at 17 kB/s)
Downloading from central: https://repo.maven.apache.org/maven2/io/quarkus/quarkus-hibernate-orm-deployment/1.5.1.Final/quarkus-hibernate-orm-deployment-1.5.1.Final.pom
Progress (1): quarkus-hibernate-orm-deployment-1.5.1.Final.pom (2.7/3.8 kB)Progress (1): quarkus-hibernate-orm-deployment-1.5.1.Final.pom (3.8 kB)                                                                           Downloaded from central: https://repo.maven.apache.org/maven2/io/quarkus/quarkus-hibernate-orm-deployment/1.5.1.Final/quarkus-hibernate-orm-deployment-1.5.1.Final.pom (3.8 kB at 14 kB/s)
Downloading from central: https://repo.maven.apache.org/maven2/io/quarkus/quarkus-narayana-jta-deployment/1.5.1.Final/quarkus-narayana-jta-deployment-1.5.1.Final.pom
Progress (1): quarkus-narayana-jta-deployment-1.5.1.Final.pom (2.0 kB)                                                                      Downloaded from central: https://repo.maven.apache.org/maven2/io/quarkus/quarkus-narayana-jta-deployment/1.5.1.Final/quarkus-narayana-jta-deployment-1.5.1.Final.pom (2.0 kB at 5.5 kB/s)
Downloading from central: https://repo.maven.apache.org/maven2/io/quarkus/quarkus-mutiny-deployment/1.5.1.Final/quarkus-mutiny-deployment-1.5.1.Final.pom
Progress (1): quarkus-mutiny-deployment-1.5.1.Final.pom (1.8 kB)                                                                Downloaded from central: https://repo.maven.apache.org/maven2/io/quarkus/quarkus-mutiny-deployment/1.5.1.Final/quarkus-mutiny-deployment-1.5.1.Final.pom (1.8 kB at 12 kB/s)
Downloading from central: https://repo.maven.apache.org/maven2/io/quarkus/quarkus-agroal-deployment/1.5.1.Final/quarkus-agroal-deployment-1.5.1.Final.pom
Progress (1): quarkus-agroal-deployment-1.5.1.Final.pom (2.7/3.9 kB)Progress (1): quarkus-agroal-deployment-1.5.1.Final.pom (3.9 kB)                                                                    Downloaded from central: https://repo.maven.apache.org/maven2/io/quarkus/quarkus-agroal-deployment/1.5.1.Final/quarkus-agroal-deployment-1.5.1.Final.pom (3.9 kB at 25 kB/s)
Downloading from central: https://repo.maven.apache.org/maven2/io/quarkus/quarkus-datasource-deployment/1.5.1.Final/quarkus-datasource-deployment-1.5.1.Final.pom
Progress (1): quarkus-datasource-deployment-1.5.1.Final.pom (1.7 kB)                                                                    Downloaded from central: https://repo.maven.apache.org/maven2/io/quarkus/quarkus-datasource-deployment/1.5.1.Final/quarkus-datasource-deployment-1.5.1.Final.pom (1.7 kB at 12 kB/s)
Downloading from central: https://repo.maven.apache.org/maven2/io/quarkus/quarkus-agroal-spi/1.5.1.Final/quarkus-agroal-spi-1.5.1.Final.pom
Progress (1): quarkus-agroal-spi-1.5.1.Final.pom (1.1 kB)                                                         Downloaded from central: https://repo.maven.apache.org/maven2/io/quarkus/quarkus-agroal-spi/1.5.1.Final/quarkus-agroal-spi-1.5.1.Final.pom (1.1 kB at 7.5 kB/s)
Downloading from central: https://repo.maven.apache.org/maven2/io/quarkus/quarkus-credentials-deployment/1.5.1.Final/quarkus-credentials-deployment-1.5.1.Final.pom
Progress (1): quarkus-credentials-deployment-1.5.1.Final.pom (1.7 kB)                                                                     Downloaded from central: https://repo.maven.apache.org/maven2/io/quarkus/quarkus-credentials-deployment/1.5.1.Final/quarkus-credentials-deployment-1.5.1.Final.pom (1.7 kB at 5.4 kB/s)
Downloading from central: https://repo.maven.apache.org/maven2/io/quarkus/quarkus-caffeine-deployment/1.5.1.Final/quarkus-caffeine-deployment-1.5.1.Final.pom
Progress (1): quarkus-caffeine-deployment-1.5.1.Final.pom (1.5 kB)                                                                  Downloaded from central: https://repo.maven.apache.org/maven2/io/quarkus/quarkus-caffeine-deployment/1.5.1.Final/quarkus-caffeine-deployment-1.5.1.Final.pom (1.5 kB at 2.9 kB/s)
Downloading from central: https://repo.maven.apache.org/maven2/io/quarkus/quarkus-jdbc-postgresql-deployment/1.5.1.Final/quarkus-jdbc-postgresql-deployment-1.5.1.Final.pom
Progress (1): quarkus-jdbc-postgresql-deployment-1.5.1.Final.pom (1.8 kB)                                                                         Downloaded from central: https://repo.maven.apache.org/maven2/io/quarkus/quarkus-jdbc-postgresql-deployment/1.5.1.Final/quarkus-jdbc-postgresql-deployment-1.5.1.Final.pom (1.8 kB at 3.8 kB/s)
Downloading from central: https://repo.maven.apache.org/maven2/io/quarkus/quarkus-resteasy-jsonb-deployment/1.5.1.Final/quarkus-resteasy-jsonb-deployment-1.5.1.Final.pom
Progress (1): quarkus-resteasy-jsonb-deployment-1.5.1.Final.pom (2.3 kB)                                                                        Downloaded from central: https://repo.maven.apache.org/maven2/io/quarkus/quarkus-resteasy-jsonb-deployment/1.5.1.Final/quarkus-resteasy-jsonb-deployment-1.5.1.Final.pom (2.3 kB at 7.2 kB/s)
Downloading from central: https://repo.maven.apache.org/maven2/io/quarkus/quarkus-jsonb-deployment/1.5.1.Final/quarkus-jsonb-deployment-1.5.1.Final.pom
Progress (1): quarkus-jsonb-deployment-1.5.1.Final.pom (2.0 kB)                                                               Downloaded from central: https://repo.maven.apache.org/maven2/io/quarkus/quarkus-jsonb-deployment/1.5.1.Final/quarkus-jsonb-deployment-1.5.1.Final.pom (2.0 kB at 6.5 kB/s)
Downloading from central: https://repo.maven.apache.org/maven2/io/quarkus/quarkus-jsonb-spi/1.5.1.Final/quarkus-jsonb-spi-1.5.1.Final.pom
Progress (1): quarkus-jsonb-spi-1.5.1.Final.pom (828 B)                                                       Downloaded from central: https://repo.maven.apache.org/maven2/io/quarkus/quarkus-jsonb-spi/1.5.1.Final/quarkus-jsonb-spi-1.5.1.Final.pom (828 B at 6.3 kB/s)
Downloading from central: https://repo.maven.apache.org/maven2/io/quarkus/quarkus-undertow-deployment/1.5.1.Final/quarkus-undertow-deployment-1.5.1.Final.pom
Progress (1): quarkus-undertow-deployment-1.5.1.Final.pom (2.7/3.5 kB)Progress (1): quarkus-undertow-deployment-1.5.1.Final.pom (3.5 kB)                                                                      Downloaded from central: https://repo.maven.apache.org/maven2/io/quarkus/quarkus-undertow-deployment/1.5.1.Final/quarkus-undertow-deployment-1.5.1.Final.pom (3.5 kB at 7.5 kB/s)
Downloading from central: https://repo.maven.apache.org/maven2/io/quarkus/quarkus-jdbc-h2-deployment/1.5.1.Final/quarkus-jdbc-h2-deployment-1.5.1.Final.pom
Progress (1): quarkus-jdbc-h2-deployment-1.5.1.Final.pom (1.8 kB)                                                                 Downloaded from central: https://repo.maven.apache.org/maven2/io/quarkus/quarkus-jdbc-h2-deployment/1.5.1.Final/quarkus-jdbc-h2-deployment-1.5.1.Final.pom (1.8 kB at 3.4 kB/s)
Downloading from central: https://repo.maven.apache.org/maven2/io/quarkus/arc/arc-processor/1.5.1.Final/arc-processor-1.5.1.Final.jar
Downloading from central: https://repo.maven.apache.org/maven2/io/quarkus/quarkus-arc-deployment/1.5.1.Final/quarkus-arc-deployment-1.5.1.Final.jar
Downloading from central: https://repo.maven.apache.org/maven2/io/quarkus/quarkus-vertx-core-deployment/1.5.1.Final/quarkus-vertx-core-deployment-1.5.1.Final.jar
Downloading from central: https://repo.maven.apache.org/maven2/io/quarkus/quarkus-vertx-http-deployment/1.5.1.Final/quarkus-vertx-http-deployment-1.5.1.Final.jar
Downloading from central: https://repo.maven.apache.org/maven2/io/quarkus/quarkus-netty-deployment/1.5.1.Final/quarkus-netty-deployment-1.5.1.Final.jar
Progress (1): quarkus-vertx-core-deployment-1.5.1.Final.jar (2.7/9.2 kB)Progress (1): quarkus-vertx-core-deployment-1.5.1.Final.jar (5.5/9.2 kB)Progress (1): quarkus-vertx-core-deployment-1.5.1.Final.jar (8.2/9.2 kB)Progress (1): quarkus-vertx-core-deployment-1.5.1.Final.jar (9.2 kB)                                                                        Downloaded from central: https://repo.maven.apache.org/maven2/io/quarkus/quarkus-vertx-core-deployment/1.5.1.Final/quarkus-vertx-core-deployment-1.5.1.Final.jar (9.2 kB at 20 kB/s)
Downloading from central: https://repo.maven.apache.org/maven2/io/quarkus/quarkus-smallrye-health-spi/1.5.1.Final/quarkus-smallrye-health-spi-1.5.1.Final.jar
Progress (1): quarkus-vertx-http-deployment-1.5.1.Final.jar (2.7/23 kB)Progress (1): quarkus-vertx-http-deployment-1.5.1.Final.jar (5.5/23 kB)Progress (1): quarkus-vertx-http-deployment-1.5.1.Final.jar (8.2/23 kB)Progress (1): quarkus-vertx-http-deployment-1.5.1.Final.jar (11/23 kB) Progress (2): quarkus-vertx-http-deployment-1.5.1.Final.jar (11/23 kB) | quarkus-arc-deployment-1.5.1.Final.jar (2.7/150 kB)Progress (2): quarkus-vertx-http-deployment-1.5.1.Final.jar (11/23 kB) | quarkus-arc-deployment-1.5.1.Final.jar (5.5/150 kB)Progress (2): quarkus-vertx-http-deployment-1.5.1.Final.jar (11/23 kB) | quarkus-arc-deployment-1.5.1.Final.jar (8.2/150 kB)Progress (2): quarkus-vertx-http-deployment-1.5.1.Final.jar (11/23 kB) | quarkus-arc-deployment-1.5.1.Final.jar (11/150 kB) Progress (3): quarkus-vertx-http-deployment-1.5.1.Final.jar (11/23 kB) | quarkus-arc-deployment-1.5.1.Final.jar (11/150 kB) | quarkus-netty-deployment-1.5.1.Final.jar (2.7/11 kB)Progress (3): quarkus-vertx-http-deployment-1.5.1.Final.jar (11/23 kB) | quarkus-arc-deployment-1.5.1.Final.jar (11/150 kB) | quarkus-netty-deployment-1.5.1.Final.jar (5.5/11 kB)Progress (3): quarkus-vertx-http-deployment-1.5.1.Final.jar (11/23 kB) | quarkus-arc-deployment-1.5.1.Final.jar (11/150 kB) | quarkus-netty-deployment-1.5.1.Final.jar (8.2/11 kB)Progress (3): quarkus-vertx-http-deployment-1.5.1.Final.jar (11/23 kB) | quarkus-arc-deployment-1.5.1.Final.jar (11/150 kB) | quarkus-netty-deployment-1.5.1.Final.jar (11 kB)    Progress (4): quarkus-vertx-http-deployment-1.5.1.Final.jar (11/23 kB) | quarkus-arc-deployment-1.5.1.Final.jar (11/150 kB) | quarkus-netty-deployment-1.5.1.Final.jar (11 kB) | arc-processor-1.5.1.Final.jar (2.7/311 kB)Progress (4): quarkus-vertx-http-deployment-1.5.1.Final.jar (11/23 kB) | quarkus-arc-deployment-1.5.1.Final.jar (11/150 kB) | quarkus-netty-deployment-1.5.1.Final.jar (11 kB) | arc-processor-1.5.1.Final.jar (5.5/311 kB)Progress (4): quarkus-vertx-http-deployment-1.5.1.Final.jar (11/23 kB) | quarkus-arc-deployment-1.5.1.Final.jar (11/150 kB) | quarkus-netty-deployment-1.5.1.Final.jar (11 kB) | arc-processor-1.5.1.Final.jar (8.2/311 kB)Progress (4): quarkus-vertx-http-deployment-1.5.1.Final.jar (11/23 kB) | quarkus-arc-deployment-1.5.1.Final.jar (11/150 kB) | quarkus-netty-deployment-1.5.1.Final.jar (11 kB) | arc-processor-1.5.1.Final.jar (11/311 kB) Progress (5): quarkus-vertx-http-deployment-1.5.1.Final.jar (11/23 kB) | quarkus-arc-deployment-1.5.1.Final.jar (11/150 kB) | quarkus-netty-deployment-1.5.1.Final.jar (11 kB) | arc-processor-1.5.1.Final.jar (11/311 kB) | quarkus-smallrye-health-spi-1.5.1.Final.jar (2.7/3.7 kB)Progress (5): quarkus-vertx-http-deployment-1.5.1.Final.jar (11/23 kB) | quarkus-arc-deployment-1.5.1.Final.jar (11/150 kB) | quarkus-netty-deployment-1.5.1.Final.jar (11 kB) | arc-processor-1.5.1.Final.jar (11/311 kB) | quarkus-smallrye-health-spi-1.5.1.Final.jar (3.7 kB)    Progress (5): quarkus-vertx-http-deployment-1.5.1.Final.jar (14/23 kB) | quarkus-arc-deployment-1.5.1.Final.jar (11/150 kB) | quarkus-netty-deployment-1.5.1.Final.jar (11 kB) | arc-processor-1.5.1.Final.jar (11/311 kB) | quarkus-smallrye-health-spi-1.5.1.Final.jar (3.7 kB)Progress (5): quarkus-vertx-http-deployment-1.5.1.Final.jar (16/23 kB) | quarkus-arc-deployment-1.5.1.Final.jar (11/150 kB) | quarkus-netty-deployment-1.5.1.Final.jar (11 kB) | arc-processor-1.5.1.Final.jar (11/311 kB) | quarkus-smallrye-health-spi-1.5.1.Final.jar (3.7 kB)Progress (5): quarkus-vertx-http-deployment-1.5.1.Final.jar (16/23 kB) | quarkus-arc-deployment-1.5.1.Final.jar (14/150 kB) | quarkus-netty-deployment-1.5.1.Final.jar (11 kB) | arc-processor-1.5.1.Final.jar (11/311 kB) | quarkus-smallrye-health-spi-1.5.1.Final.jar (3.7 kB)Progress (5): quarkus-vertx-http-deployment-1.5.1.Final.jar (19/23 kB) | quarkus-arc-deployment-1.5.1.Final.jar (14/150 kB) | quarkus-netty-deployment-1.5.1.Final.jar (11 kB) | arc-processor-1.5.1.Final.jar (11/311 kB) | quarkus-smallrye-health-spi-1.5.1.Final.jar (3.7 kB)Progress (5): quarkus-vertx-http-deployment-1.5.1.Final.jar (22/23 kB) | quarkus-arc-deployment-1.5.1.Final.jar (14/150 kB) | quarkus-netty-deployment-1.5.1.Final.jar (11 kB) | arc-processor-1.5.1.Final.jar (11/311 kB) | quarkus-smallrye-health-spi-1.5.1.Final.jar (3.7 kB)Progress (5): quarkus-vertx-http-deployment-1.5.1.Final.jar (23 kB) | quarkus-arc-deployment-1.5.1.Final.jar (14/150 kB) | quarkus-netty-deployment-1.5.1.Final.jar (11 kB) | arc-processor-1.5.1.Final.jar (11/311 kB) | quarkus-smallrye-health-spi-1.5.1.Final.jar (3.7 kB)   Progress (5): quarkus-vertx-http-deployment-1.5.1.Final.jar (23 kB) | quarkus-arc-deployment-1.5.1.Final.jar (16/150 kB) | quarkus-netty-deployment-1.5.1.Final.jar (11 kB) | arc-processor-1.5.1.Final.jar (11/311 kB) | quarkus-smallrye-health-spi-1.5.1.Final.jar (3.7 kB)Progress (5): quarkus-vertx-http-deployment-1.5.1.Final.jar (23 kB) | quarkus-arc-deployment-1.5.1.Final.jar (19/150 kB) | quarkus-netty-deployment-1.5.1.Final.jar (11 kB) | arc-processor-1.5.1.Final.jar (11/311 kB) | quarkus-smallrye-health-spi-1.5.1.Final.jar (3.7 kB)Progress (5): quarkus-vertx-http-deployment-1.5.1.Final.jar (23 kB) | quarkus-arc-deployment-1.5.1.Final.jar (22/150 kB) | quarkus-netty-deployment-1.5.1.Final.jar (11 kB) | arc-processor-1.5.1.Final.jar (11/311 kB) | quarkus-smallrye-health-spi-1.5.1.Final.jar (3.7 kB)Progress (5): quarkus-vertx-http-deployment-1.5.1.Final.jar (23 kB) | quarkus-arc-deployment-1.5.1.Final.jar (25/150 kB) | quarkus-netty-deployment-1.5.1.Final.jar (11 kB) | arc-processor-1.5.1.Final.jar (11/311 kB) | quarkus-smallrye-health-spi-1.5.1.Final.jar (3.7 kB)Progress (5): quarkus-vertx-http-deployment-1.5.1.Final.jar (23 kB) | quarkus-arc-deployment-1.5.1.Final.jar (27/150 kB) | quarkus-netty-deployment-1.5.1.Final.jar (11 kB) | arc-processor-1.5.1.Final.jar (11/311 kB) | quarkus-smallrye-health-spi-1.5.1.Final.jar (3.7 kB)Progress (5): quarkus-vertx-http-deployment-1.5.1.Final.jar (23 kB) | quarkus-arc-deployment-1.5.1.Final.jar (30/150 kB) | quarkus-netty-deployment-1.5.1.Final.jar (11 kB) | arc-processor-1.5.1.Final.jar (11/311 kB) | quarkus-smallrye-health-spi-1.5.1.Final.jar (3.7 kB)Progress (5): quarkus-vertx-http-deployment-1.5.1.Final.jar (23 kB) | quarkus-arc-deployment-1.5.1.Final.jar (33/150 kB) | quarkus-netty-deployment-1.5.1.Final.jar (11 kB) | arc-processor-1.5.1.Final.jar (11/311 kB) | quarkus-smallrye-health-spi-1.5.1.Final.jar (3.7 kB)Progress (5): quarkus-vertx-http-deployment-1.5.1.Final.jar (23 kB) | quarkus-arc-deployment-1.5.1.Final.jar (33/150 kB) | quarkus-netty-deployment-1.5.1.Final.jar (11 kB) | arc-processor-1.5.1.Final.jar (14/311 kB) | quarkus-smallrye-health-spi-1.5.1.Final.jar (3.7 kB)Progress (5): quarkus-vertx-http-deployment-1.5.1.Final.jar (23 kB) | quarkus-arc-deployment-1.5.1.Final.jar (36/150 kB) | quarkus-netty-deployment-1.5.1.Final.jar (11 kB) | arc-processor-1.5.1.Final.jar (14/311 kB) | quarkus-smallrye-health-spi-1.5.1.Final.jar (3.7 kB)Progress (5): quarkus-vertx-http-deployment-1.5.1.Final.jar (23 kB) | quarkus-arc-deployment-1.5.1.Final.jar (38/150 kB) | quarkus-netty-deployment-1.5.1.Final.jar (11 kB) | arc-processor-1.5.1.Final.jar (14/311 kB) | quarkus-smallrye-health-spi-1.5.1.Final.jar (3.7 kB)                                                                                                                                                                                                                                                                              Downloaded from central: https://repo.maven.apache.org/maven2/io/quarkus/quarkus-netty-deployment/1.5.1.Final/quarkus-netty-deployment-1.5.1.Final.jar (11 kB at 7.2 kB/s)
Downloading from central: https://repo.maven.apache.org/maven2/io/quarkus/quarkus-smallrye-health-deployment/1.5.1.Final/quarkus-smallrye-health-deployment-1.5.1.Final.jar
Progress (4): quarkus-vertx-http-deployment-1.5.1.Final.jar (23 kB) | quarkus-arc-deployment-1.5.1.Final.jar (38/150 kB) | arc-processor-1.5.1.Final.jar (16/311 kB) | quarkus-smallrye-health-spi-1.5.1.Final.jar (3.7 kB)Progress (4): quarkus-vertx-http-deployment-1.5.1.Final.jar (23 kB) | quarkus-arc-deployment-1.5.1.Final.jar (38/150 kB) | arc-processor-1.5.1.Final.jar (19/311 kB) | quarkus-smallrye-health-spi-1.5.1.Final.jar (3.7 kB)Progress (4): quarkus-vertx-http-deployment-1.5.1.Final.jar (23 kB) | quarkus-arc-deployment-1.5.1.Final.jar (38/150 kB) | arc-processor-1.5.1.Final.jar (22/311 kB) | quarkus-smallrye-health-spi-1.5.1.Final.jar (3.7 kB)Progress (4): quarkus-vertx-http-deployment-1.5.1.Final.jar (23 kB) | quarkus-arc-deployment-1.5.1.Final.jar (38/150 kB) | arc-processor-1.5.1.Final.jar (25/311 kB) | quarkus-smallrye-health-spi-1.5.1.Final.jar (3.7 kB)Progress (4): quarkus-vertx-http-deployment-1.5.1.Final.jar (23 kB) | quarkus-arc-deployment-1.5.1.Final.jar (38/150 kB) | arc-processor-1.5.1.Final.jar (27/311 kB) | quarkus-smallrye-health-spi-1.5.1.Final.jar (3.7 kB)Progress (4): quarkus-vertx-http-deployment-1.5.1.Final.jar (23 kB) | quarkus-arc-deployment-1.5.1.Final.jar (38/150 kB) | arc-processor-1.5.1.Final.jar (30/311 kB) | quarkus-smallrye-health-spi-1.5.1.Final.jar (3.7 kB)Progress (4): quarkus-vertx-http-deployment-1.5.1.Final.jar (23 kB) | quarkus-arc-deployment-1.5.1.Final.jar (38/150 kB) | arc-processor-1.5.1.Final.jar (33/311 kB) | quarkus-smallrye-health-spi-1.5.1.Final.jar (3.7 kB)Progress (4): quarkus-vertx-http-deployment-1.5.1.Final.jar (23 kB) | quarkus-arc-deployment-1.5.1.Final.jar (38/150 kB) | arc-processor-1.5.1.Final.jar (36/311 kB) | quarkus-smallrye-health-spi-1.5.1.Final.jar (3.7 kB)Progress (4): quarkus-vertx-http-deployment-1.5.1.Final.jar (23 kB) | quarkus-arc-deployment-1.5.1.Final.jar (38/150 kB) | arc-processor-1.5.1.Final.jar (38/311 kB) | quarkus-smallrye-health-spi-1.5.1.Final.jar (3.7 kB)                                                                                                                                                                                                                           Downloaded from central: https://repo.maven.apache.org/maven2/io/quarkus/quarkus-smallrye-health-spi/1.5.1.Final/quarkus-smallrye-health-spi-1.5.1.Final.jar (3.7 kB at 2.1 kB/s)
Downloading from central: https://repo.maven.apache.org/maven2/io/quarkus/quarkus-smallrye-metrics-spi/1.5.1.Final/quarkus-smallrye-metrics-spi-1.5.1.Final.jar
Progress (3): quarkus-vertx-http-deployment-1.5.1.Final.jar (23 kB) | quarkus-arc-deployment-1.5.1.Final.jar (41/150 kB) | arc-processor-1.5.1.Final.jar (38/311 kB)Progress (3): quarkus-vertx-http-deployment-1.5.1.Final.jar (23 kB) | quarkus-arc-deployment-1.5.1.Final.jar (44/150 kB) | arc-processor-1.5.1.Final.jar (38/311 kB)Progress (3): quarkus-vertx-http-deployment-1.5.1.Final.jar (23 kB) | quarkus-arc-deployment-1.5.1.Final.jar (47/150 kB) | arc-processor-1.5.1.Final.jar (38/311 kB)                                                                                                                                                                    Downloaded from central: https://repo.maven.apache.org/maven2/io/quarkus/quarkus-vertx-http-deployment/1.5.1.Final/quarkus-vertx-http-deployment-1.5.1.Final.jar (23 kB at 13 kB/s)
Downloading from central: https://repo.maven.apache.org/maven2/io/quarkus/quarkus-smallrye-metrics-deployment/1.5.1.Final/quarkus-smallrye-metrics-deployment-1.5.1.Final.jar
Progress (2): quarkus-arc-deployment-1.5.1.Final.jar (49/150 kB) | arc-processor-1.5.1.Final.jar (38/311 kB)Progress (2): quarkus-arc-deployment-1.5.1.Final.jar (52/150 kB) | arc-processor-1.5.1.Final.jar (38/311 kB)Progress (2): quarkus-arc-deployment-1.5.1.Final.jar (55/150 kB) | arc-processor-1.5.1.Final.jar (38/311 kB)Progress (2): quarkus-arc-deployment-1.5.1.Final.jar (58/150 kB) | arc-processor-1.5.1.Final.jar (38/311 kB)Progress (2): quarkus-arc-deployment-1.5.1.Final.jar (60/150 kB) | arc-processor-1.5.1.Final.jar (38/311 kB)Progress (2): quarkus-arc-deployment-1.5.1.Final.jar (63/150 kB) | arc-processor-1.5.1.Final.jar (38/311 kB)Progress (2): quarkus-arc-deployment-1.5.1.Final.jar (66/150 kB) | arc-processor-1.5.1.Final.jar (38/311 kB)Progress (2): quarkus-arc-deployment-1.5.1.Final.jar (69/150 kB) | arc-processor-1.5.1.Final.jar (38/311 kB)Progress (2): quarkus-arc-deployment-1.5.1.Final.jar (71/150 kB) | arc-processor-1.5.1.Final.jar (38/311 kB)Progress (2): quarkus-arc-deployment-1.5.1.Final.jar (74/150 kB) | arc-processor-1.5.1.Final.jar (38/311 kB)Progress (2): quarkus-arc-deployment-1.5.1.Final.jar (74/150 kB) | arc-processor-1.5.1.Final.jar (41/311 kB)Progress (3): quarkus-arc-deployment-1.5.1.Final.jar (74/150 kB) | arc-processor-1.5.1.Final.jar (41/311 kB) | quarkus-smallrye-health-deployment-1.5.1.Final.jar (2.7/12 kB)Progress (3): quarkus-arc-deployment-1.5.1.Final.jar (77/150 kB) | arc-processor-1.5.1.Final.jar (41/311 kB) | quarkus-smallrye-health-deployment-1.5.1.Final.jar (2.7/12 kB)Progress (3): quarkus-arc-deployment-1.5.1.Final.jar (77/150 kB) | arc-processor-1.5.1.Final.jar (41/311 kB) | quarkus-smallrye-health-deployment-1.5.1.Final.jar (5.5/12 kB)Progress (3): quarkus-arc-deployment-1.5.1.Final.jar (80/150 kB) | arc-processor-1.5.1.Final.jar (41/311 kB) | quarkus-smallrye-health-deployment-1.5.1.Final.jar (5.5/12 kB)Progress (3): quarkus-arc-deployment-1.5.1.Final.jar (80/150 kB) | arc-processor-1.5.1.Final.jar (44/311 kB) | quarkus-smallrye-health-deployment-1.5.1.Final.jar (5.5/12 kB)Progress (3): quarkus-arc-deployment-1.5.1.Final.jar (80/150 kB) | arc-processor-1.5.1.Final.jar (44/311 kB) | quarkus-smallrye-health-deployment-1.5.1.Final.jar (8.2/12 kB)Progress (3): quarkus-arc-deployment-1.5.1.Final.jar (82/150 kB) | arc-processor-1.5.1.Final.jar (44/311 kB) | quarkus-smallrye-health-deployment-1.5.1.Final.jar (8.2/12 kB)Progress (3): quarkus-arc-deployment-1.5.1.Final.jar (82/150 kB) | arc-processor-1.5.1.Final.jar (47/311 kB) | quarkus-smallrye-health-deployment-1.5.1.Final.jar (8.2/12 kB)Progress (3): quarkus-arc-deployment-1.5.1.Final.jar (85/150 kB) | arc-processor-1.5.1.Final.jar (47/311 kB) | quarkus-smallrye-health-deployment-1.5.1.Final.jar (8.2/12 kB)Progress (3): quarkus-arc-deployment-1.5.1.Final.jar (85/150 kB) | arc-processor-1.5.1.Final.jar (47/311 kB) | quarkus-smallrye-health-deployment-1.5.1.Final.jar (11/12 kB) Progress (3): quarkus-arc-deployment-1.5.1.Final.jar (85/150 kB) | arc-processor-1.5.1.Final.jar (47/311 kB) | quarkus-smallrye-health-deployment-1.5.1.Final.jar (12 kB)   Progress (3): quarkus-arc-deployment-1.5.1.Final.jar (88/150 kB) | arc-processor-1.5.1.Final.jar (47/311 kB) | quarkus-smallrye-health-deployment-1.5.1.Final.jar (12 kB)Progress (3): quarkus-arc-deployment-1.5.1.Final.jar (88/150 kB) | arc-processor-1.5.1.Final.jar (49/311 kB) | quarkus-smallrye-health-deployment-1.5.1.Final.jar (12 kB)Progress (3): quarkus-arc-deployment-1.5.1.Final.jar (90/150 kB) | arc-processor-1.5.1.Final.jar (49/311 kB) | quarkus-smallrye-health-deployment-1.5.1.Final.jar (12 kB)Progress (3): quarkus-arc-deployment-1.5.1.Final.jar (90/150 kB) | arc-processor-1.5.1.Final.jar (52/311 kB) | quarkus-smallrye-health-deployment-1.5.1.Final.jar (12 kB)Progress (3): quarkus-arc-deployment-1.5.1.Final.jar (93/150 kB) | arc-processor-1.5.1.Final.jar (52/311 kB) | quarkus-smallrye-health-deployment-1.5.1.Final.jar (12 kB)Progress (3): quarkus-arc-deployment-1.5.1.Final.jar (93/150 kB) | arc-processor-1.5.1.Final.jar (55/311 kB) | quarkus-smallrye-health-deployment-1.5.1.Final.jar (12 kB)Progress (3): quarkus-arc-deployment-1.5.1.Final.jar (93/150 kB) | arc-processor-1.5.1.Final.jar (58/311 kB) | quarkus-smallrye-health-deployment-1.5.1.Final.jar (12 kB)Progress (3): quarkus-arc-deployment-1.5.1.Final.jar (93/150 kB) | arc-processor-1.5.1.Final.jar (60/311 kB) | quarkus-smallrye-health-deployment-1.5.1.Final.jar (12 kB)Progress (3): quarkus-arc-deployment-1.5.1.Final.jar (93/150 kB) | arc-processor-1.5.1.Final.jar (63/311 kB) | quarkus-smallrye-health-deployment-1.5.1.Final.jar (12 kB)Progress (3): quarkus-arc-deployment-1.5.1.Final.jar (93/150 kB) | arc-processor-1.5.1.Final.jar (66/311 kB) | quarkus-smallrye-health-deployment-1.5.1.Final.jar (12 kB)Progress (3): quarkus-arc-deployment-1.5.1.Final.jar (93/150 kB) | arc-processor-1.5.1.Final.jar (69/311 kB) | quarkus-smallrye-health-deployment-1.5.1.Final.jar (12 kB)Progress (3): quarkus-arc-deployment-1.5.1.Final.jar (93/150 kB) | arc-processor-1.5.1.Final.jar (71/311 kB) | quarkus-smallrye-health-deployment-1.5.1.Final.jar (12 kB)Progress (3): quarkus-arc-deployment-1.5.1.Final.jar (93/150 kB) | arc-processor-1.5.1.Final.jar (74/311 kB) | quarkus-smallrye-health-deployment-1.5.1.Final.jar (12 kB)Progress (3): quarkus-arc-deployment-1.5.1.Final.jar (93/150 kB) | arc-processor-1.5.1.Final.jar (77/311 kB) | quarkus-smallrye-health-deployment-1.5.1.Final.jar (12 kB)Progress (3): quarkus-arc-deployment-1.5.1.Final.jar (93/150 kB) | arc-processor-1.5.1.Final.jar (80/311 kB) | quarkus-smallrye-health-deployment-1.5.1.Final.jar (12 kB)Progress (3): quarkus-arc-deployment-1.5.1.Final.jar (96/150 kB) | arc-processor-1.5.1.Final.jar (80/311 kB) | quarkus-smallrye-health-deployment-1.5.1.Final.jar (12 kB)Progress (3): quarkus-arc-deployment-1.5.1.Final.jar (99/150 kB) | arc-processor-1.5.1.Final.jar (80/311 kB) | quarkus-smallrye-health-deployment-1.5.1.Final.jar (12 kB)Progress (4): quarkus-arc-deployment-1.5.1.Final.jar (99/150 kB) | arc-processor-1.5.1.Final.jar (80/311 kB) | quarkus-smallrye-health-deployment-1.5.1.Final.jar (12 kB) | quarkus-smallrye-metrics-spi-1.5.1.Final.jar (2.7/5.5 kB)Progress (4): quarkus-arc-deployment-1.5.1.Final.jar (99/150 kB) | arc-processor-1.5.1.Final.jar (80/311 kB) | quarkus-smallrye-health-deployment-1.5.1.Final.jar (12 kB) | quarkus-smallrye-metrics-spi-1.5.1.Final.jar (5.5/5.5 kB)Progress (4): quarkus-arc-deployment-1.5.1.Final.jar (99/150 kB) | arc-processor-1.5.1.Final.jar (82/311 kB) | quarkus-smallrye-health-deployment-1.5.1.Final.jar (12 kB) | quarkus-smallrye-metrics-spi-1.5.1.Final.jar (5.5/5.5 kB)Progress (4): quarkus-arc-deployment-1.5.1.Final.jar (99/150 kB) | arc-processor-1.5.1.Final.jar (82/311 kB) | quarkus-smallrye-health-deployment-1.5.1.Final.jar (12 kB) | quarkus-smallrye-metrics-spi-1.5.1.Final.jar (5.5 kB)    Progress (4): quarkus-arc-deployment-1.5.1.Final.jar (99/150 kB) | arc-processor-1.5.1.Final.jar (85/311 kB) | quarkus-smallrye-health-deployment-1.5.1.Final.jar (12 kB) | quarkus-smallrye-metrics-spi-1.5.1.Final.jar (5.5 kB)Progress (4): quarkus-arc-deployment-1.5.1.Final.jar (101/150 kB) | arc-processor-1.5.1.Final.jar (85/311 kB) | quarkus-smallrye-health-deployment-1.5.1.Final.jar (12 kB) | quarkus-smallrye-metrics-spi-1.5.1.Final.jar (5.5 kB)Progress (5): quarkus-arc-deployment-1.5.1.Final.jar (101/150 kB) | arc-processor-1.5.1.Final.jar (85/311 kB) | quarkus-smallrye-health-deployment-1.5.1.Final.jar (12 kB) | quarkus-smallrye-metrics-spi-1.5.1.Final.jar (5.5 kB) | quarkus-smallrye-metrics-deployment-1.5.1.Final.jar (2.7/29 kB)Progress (5): quarkus-arc-deployment-1.5.1.Final.jar (101/150 kB) | arc-processor-1.5.1.Final.jar (85/311 kB) | quarkus-smallrye-health-deployment-1.5.1.Final.jar (12 kB) | quarkus-smallrye-metrics-spi-1.5.1.Final.jar (5.5 kB) | quarkus-smallrye-metrics-deployment-1.5.1.Final.jar (5.5/29 kB)Progress (5): quarkus-arc-deployment-1.5.1.Final.jar (101/150 kB) | arc-processor-1.5.1.Final.jar (85/311 kB) | quarkus-smallrye-health-deployment-1.5.1.Final.jar (12 kB) | quarkus-smallrye-metrics-spi-1.5.1.Final.jar (5.5 kB) | quarkus-smallrye-metrics-deployment-1.5.1.Final.jar (8.2/29 kB)Progress (5): quarkus-arc-deployment-1.5.1.Final.jar (101/150 kB) | arc-processor-1.5.1.Final.jar (85/311 kB) | quarkus-smallrye-health-deployment-1.5.1.Final.jar (12 kB) | quarkus-smallrye-metrics-spi-1.5.1.Final.jar (5.5 kB) | quarkus-smallrye-metrics-deployment-1.5.1.Final.jar (11/29 kB) Progress (5): quarkus-arc-deployment-1.5.1.Final.jar (101/150 kB) | arc-processor-1.5.1.Final.jar (85/311 kB) | quarkus-smallrye-health-deployment-1.5.1.Final.jar (12 kB) | quarkus-smallrye-metrics-spi-1.5.1.Final.jar (5.5 kB) | quarkus-smallrye-metrics-deployment-1.5.1.Final.jar (14/29 kB)Progress (5): quarkus-arc-deployment-1.5.1.Final.jar (104/150 kB) | arc-processor-1.5.1.Final.jar (85/311 kB) | quarkus-smallrye-health-deployment-1.5.1.Final.jar (12 kB) | quarkus-smallrye-metrics-spi-1.5.1.Final.jar (5.5 kB) | quarkus-smallrye-metrics-deployment-1.5.1.Final.jar (14/29 kB)Progress (5): quarkus-arc-deployment-1.5.1.Final.jar (104/150 kB) | arc-processor-1.5.1.Final.jar (85/311 kB) | quarkus-smallrye-health-deployment-1.5.1.Final.jar (12 kB) | quarkus-smallrye-metrics-spi-1.5.1.Final.jar (5.5 kB) | quarkus-smallrye-metrics-deployment-1.5.1.Final.jar (16/29 kB)Progress (5): quarkus-arc-deployment-1.5.1.Final.jar (104/150 kB) | arc-processor-1.5.1.Final.jar (88/311 kB) | quarkus-smallrye-health-deployment-1.5.1.Final.jar (12 kB) | quarkus-smallrye-metrics-spi-1.5.1.Final.jar (5.5 kB) | quarkus-smallrye-metrics-deployment-1.5.1.Final.jar (16/29 kB)Progress (5): quarkus-arc-deployment-1.5.1.Final.jar (107/150 kB) | arc-processor-1.5.1.Final.jar (88/311 kB) | quarkus-smallrye-health-deployment-1.5.1.Final.jar (12 kB) | quarkus-smallrye-metrics-spi-1.5.1.Final.jar (5.5 kB) | quarkus-smallrye-metrics-deployment-1.5.1.Final.jar (16/29 kB)Progress (5): quarkus-arc-deployment-1.5.1.Final.jar (107/150 kB) | arc-processor-1.5.1.Final.jar (90/311 kB) | quarkus-smallrye-health-deployment-1.5.1.Final.jar (12 kB) | quarkus-smallrye-metrics-spi-1.5.1.Final.jar (5.5 kB) | quarkus-smallrye-metrics-deployment-1.5.1.Final.jar (16/29 kB)Progress (5): quarkus-arc-deployment-1.5.1.Final.jar (110/150 kB) | arc-processor-1.5.1.Final.jar (90/311 kB) | quarkus-smallrye-health-deployment-1.5.1.Final.jar (12 kB) | quarkus-smallrye-metrics-spi-1.5.1.Final.jar (5.5 kB) | quarkus-smallrye-metrics-deployment-1.5.1.Final.jar (16/29 kB)Progress (5): quarkus-arc-deployment-1.5.1.Final.jar (110/150 kB) | arc-processor-1.5.1.Final.jar (90/311 kB) | quarkus-smallrye-health-deployment-1.5.1.Final.jar (12 kB) | quarkus-smallrye-metrics-spi-1.5.1.Final.jar (5.5 kB) | quarkus-smallrye-metrics-deployment-1.5.1.Final.jar (19/29 kB)Progress (5): quarkus-arc-deployment-1.5.1.Final.jar (112/150 kB) | arc-processor-1.5.1.Final.jar (90/311 kB) | quarkus-smallrye-health-deployment-1.5.1.Final.jar (12 kB) | quarkus-smallrye-metrics-spi-1.5.1.Final.jar (5.5 kB) | quarkus-smallrye-metrics-deployment-1.5.1.Final.jar (19/29 kB)Progress (5): quarkus-arc-deployment-1.5.1.Final.jar (112/150 kB) | arc-processor-1.5.1.Final.jar (90/311 kB) | quarkus-smallrye-health-deployment-1.5.1.Final.jar (12 kB) | quarkus-smallrye-metrics-spi-1.5.1.Final.jar (5.5 kB) | quarkus-smallrye-metrics-deployment-1.5.1.Final.jar (22/29 kB)Progress (5): quarkus-arc-deployment-1.5.1.Final.jar (115/150 kB) | arc-processor-1.5.1.Final.jar (90/311 kB) | quarkus-smallrye-health-deployment-1.5.1.Final.jar (12 kB) | quarkus-smallrye-metrics-spi-1.5.1.Final.jar (5.5 kB) | quarkus-smallrye-metrics-deployment-1.5.1.Final.jar (22/29 kB)Progress (5): quarkus-arc-deployment-1.5.1.Final.jar (115/150 kB) | arc-processor-1.5.1.Final.jar (90/311 kB) | quarkus-smallrye-health-deployment-1.5.1.Final.jar (12 kB) | quarkus-smallrye-metrics-spi-1.5.1.Final.jar (5.5 kB) | quarkus-smallrye-metrics-deployment-1.5.1.Final.jar (25/29 kB)Progress (5): quarkus-arc-deployment-1.5.1.Final.jar (118/150 kB) | arc-processor-1.5.1.Final.jar (90/311 kB) | quarkus-smallrye-health-deployment-1.5.1.Final.jar (12 kB) | quarkus-smallrye-metrics-spi-1.5.1.Final.jar (5.5 kB) | quarkus-smallrye-metrics-deployment-1.5.1.Final.jar (25/29 kB)Progress (5): quarkus-arc-deployment-1.5.1.Final.jar (118/150 kB) | arc-processor-1.5.1.Final.jar (90/311 kB) | quarkus-smallrye-health-deployment-1.5.1.Final.jar (12 kB) | quarkus-smallrye-metrics-spi-1.5.1.Final.jar (5.5 kB) | quarkus-smallrye-metrics-deployment-1.5.1.Final.jar (27/29 kB)Progress (5): quarkus-arc-deployment-1.5.1.Final.jar (121/150 kB) | arc-processor-1.5.1.Final.jar (90/311 kB) | quarkus-smallrye-health-deployment-1.5.1.Final.jar (12 kB) | quarkus-smallrye-metrics-spi-1.5.1.Final.jar (5.5 kB) | quarkus-smallrye-metrics-deployment-1.5.1.Final.jar (27/29 kB)Progress (5): quarkus-arc-deployment-1.5.1.Final.jar (121/150 kB) | arc-processor-1.5.1.Final.jar (90/311 kB) | quarkus-smallrye-health-deployment-1.5.1.Final.jar (12 kB) | quarkus-smallrye-metrics-spi-1.5.1.Final.jar (5.5 kB) | quarkus-smallrye-metrics-deployment-1.5.1.Final.jar (29 kB)   Progress (5): quarkus-arc-deployment-1.5.1.Final.jar (123/150 kB) | arc-processor-1.5.1.Final.jar (90/311 kB) | quarkus-smallrye-health-deployment-1.5.1.Final.jar (12 kB) | quarkus-smallrye-metrics-spi-1.5.1.Final.jar (5.5 kB) | quarkus-smallrye-metrics-deployment-1.5.1.Final.jar (29 kB)Progress (5): quarkus-arc-deployment-1.5.1.Final.jar (126/150 kB) | arc-processor-1.5.1.Final.jar (90/311 kB) | quarkus-smallrye-health-deployment-1.5.1.Final.jar (12 kB) | quarkus-smallrye-metrics-spi-1.5.1.Final.jar (5.5 kB) | quarkus-smallrye-metrics-deployment-1.5.1.Final.jar (29 kB)Progress (5): quarkus-arc-deployment-1.5.1.Final.jar (129/150 kB) | arc-processor-1.5.1.Final.jar (90/311 kB) | quarkus-smallrye-health-deployment-1.5.1.Final.jar (12 kB) | quarkus-smallrye-metrics-spi-1.5.1.Final.jar (5.5 kB) | quarkus-smallrye-metrics-deployment-1.5.1.Final.jar (29 kB)Progress (5): quarkus-arc-deployment-1.5.1.Final.jar (132/150 kB) | arc-processor-1.5.1.Final.jar (90/311 kB) | quarkus-smallrye-health-deployment-1.5.1.Final.jar (12 kB) | quarkus-smallrye-metrics-spi-1.5.1.Final.jar (5.5 kB) | quarkus-smallrye-metrics-deployment-1.5.1.Final.jar (29 kB)Progress (5): quarkus-arc-deployment-1.5.1.Final.jar (134/150 kB) | arc-processor-1.5.1.Final.jar (90/311 kB) | quarkus-smallrye-health-deployment-1.5.1.Final.jar (12 kB) | quarkus-smallrye-metrics-spi-1.5.1.Final.jar (5.5 kB) | quarkus-smallrye-metrics-deployment-1.5.1.Final.jar (29 kB)Progress (5): quarkus-arc-deployment-1.5.1.Final.jar (137/150 kB) | arc-processor-1.5.1.Final.jar (90/311 kB) | quarkus-smallrye-health-deployment-1.5.1.Final.jar (12 kB) | quarkus-smallrye-metrics-spi-1.5.1.Final.jar (5.5 kB) | quarkus-smallrye-metrics-deployment-1.5.1.Final.jar (29 kB)Progress (5): quarkus-arc-deployment-1.5.1.Final.jar (140/150 kB) | arc-processor-1.5.1.Final.jar (90/311 kB) | quarkus-smallrye-health-deployment-1.5.1.Final.jar (12 kB) | quarkus-smallrye-metrics-spi-1.5.1.Final.jar (5.5 kB) | quarkus-smallrye-metrics-deployment-1.5.1.Final.jar (29 kB)Progress (5): quarkus-arc-deployment-1.5.1.Final.jar (143/150 kB) | arc-processor-1.5.1.Final.jar (90/311 kB) | quarkus-smallrye-health-deployment-1.5.1.Final.jar (12 kB) | quarkus-smallrye-metrics-spi-1.5.1.Final.jar (5.5 kB) | quarkus-smallrye-metrics-deployment-1.5.1.Final.jar (29 kB)Progress (5): quarkus-arc-deployment-1.5.1.Final.jar (145/150 kB) | arc-processor-1.5.1.Final.jar (90/311 kB) | quarkus-smallrye-health-deployment-1.5.1.Final.jar (12 kB) | quarkus-smallrye-metrics-spi-1.5.1.Final.jar (5.5 kB) | quarkus-smallrye-metrics-deployment-1.5.1.Final.jar (29 kB)Progress (5): quarkus-arc-deployment-1.5.1.Final.jar (145/150 kB) | arc-processor-1.5.1.Final.jar (93/311 kB) | quarkus-smallrye-health-deployment-1.5.1.Final.jar (12 kB) | quarkus-smallrye-metrics-spi-1.5.1.Final.jar (5.5 kB) | quarkus-smallrye-metrics-deployment-1.5.1.Final.jar (29 kB)Progress (5): quarkus-arc-deployment-1.5.1.Final.jar (148/150 kB) | arc-processor-1.5.1.Final.jar (93/311 kB) | quarkus-smallrye-health-deployment-1.5.1.Final.jar (12 kB) | quarkus-smallrye-metrics-spi-1.5.1.Final.jar (5.5 kB) | quarkus-smallrye-metrics-deployment-1.5.1.Final.jar (29 kB)Progress (5): quarkus-arc-deployment-1.5.1.Final.jar (148/150 kB) | arc-processor-1.5.1.Final.jar (96/311 kB) | quarkus-smallrye-health-deployment-1.5.1.Final.jar (12 kB) | quarkus-smallrye-metrics-spi-1.5.1.Final.jar (5.5 kB) | quarkus-smallrye-metrics-deployment-1.5.1.Final.jar (29 kB)Progress (5): quarkus-arc-deployment-1.5.1.Final.jar (150 kB) | arc-processor-1.5.1.Final.jar (96/311 kB) | quarkus-smallrye-health-deployment-1.5.1.Final.jar (12 kB) | quarkus-smallrye-metrics-spi-1.5.1.Final.jar (5.5 kB) | quarkus-smallrye-metrics-deployment-1.5.1.Final.jar (29 kB)    Progress (5): quarkus-arc-deployment-1.5.1.Final.jar (150 kB) | arc-processor-1.5.1.Final.jar (99/311 kB) | quarkus-smallrye-health-deployment-1.5.1.Final.jar (12 kB) | quarkus-smallrye-metrics-spi-1.5.1.Final.jar (5.5 kB) | quarkus-smallrye-metrics-deployment-1.5.1.Final.jar (29 kB)Progress (5): quarkus-arc-deployment-1.5.1.Final.jar (150 kB) | arc-processor-1.5.1.Final.jar (101/311 kB) | quarkus-smallrye-health-deployment-1.5.1.Final.jar (12 kB) | quarkus-smallrye-metrics-spi-1.5.1.Final.jar (5.5 kB) | quarkus-smallrye-metrics-deployment-1.5.1.Final.jar (29 kB)Progress (5): quarkus-arc-deployment-1.5.1.Final.jar (150 kB) | arc-processor-1.5.1.Final.jar (104/311 kB) | quarkus-smallrye-health-deployment-1.5.1.Final.jar (12 kB) | quarkus-smallrye-metrics-spi-1.5.1.Final.jar (5.5 kB) | quarkus-smallrye-metrics-deployment-1.5.1.Final.jar (29 kB)Progress (5): quarkus-arc-deployment-1.5.1.Final.jar (150 kB) | arc-processor-1.5.1.Final.jar (107/311 kB) | quarkus-smallrye-health-deployment-1.5.1.Final.jar (12 kB) | quarkus-smallrye-metrics-spi-1.5.1.Final.jar (5.5 kB) | quarkus-smallrye-metrics-deployment-1.5.1.Final.jar (29 kB)Progress (5): quarkus-arc-deployment-1.5.1.Final.jar (150 kB) | arc-processor-1.5.1.Final.jar (110/311 kB) | quarkus-smallrye-health-deployment-1.5.1.Final.jar (12 kB) | quarkus-smallrye-metrics-spi-1.5.1.Final.jar (5.5 kB) | quarkus-smallrye-metrics-deployment-1.5.1.Final.jar (29 kB)                                                                                                                                                                                                                                                                                             Downloaded from central: https://repo.maven.apache.org/maven2/io/quarkus/quarkus-smallrye-health-deployment/1.5.1.Final/quarkus-smallrye-health-deployment-1.5.1.Final.jar (12 kB at 3.6 kB/s)
Downloading from central: https://repo.maven.apache.org/maven2/io/quarkus/quarkus-smallrye-context-propagation-deployment/1.5.1.Final/quarkus-smallrye-context-propagation-deployment-1.5.1.Final.jar
Progress (4): quarkus-arc-deployment-1.5.1.Final.jar (150 kB) | arc-processor-1.5.1.Final.jar (112/311 kB) | quarkus-smallrye-metrics-spi-1.5.1.Final.jar (5.5 kB) | quarkus-smallrye-metrics-deployment-1.5.1.Final.jar (29 kB)Progress (4): quarkus-arc-deployment-1.5.1.Final.jar (150 kB) | arc-processor-1.5.1.Final.jar (115/311 kB) | quarkus-smallrye-metrics-spi-1.5.1.Final.jar (5.5 kB) | quarkus-smallrye-metrics-deployment-1.5.1.Final.jar (29 kB)Progress (4): quarkus-arc-deployment-1.5.1.Final.jar (150 kB) | arc-processor-1.5.1.Final.jar (118/311 kB) | quarkus-smallrye-metrics-spi-1.5.1.Final.jar (5.5 kB) | quarkus-smallrye-metrics-deployment-1.5.1.Final.jar (29 kB)Progress (4): quarkus-arc-deployment-1.5.1.Final.jar (150 kB) | arc-processor-1.5.1.Final.jar (121/311 kB) | quarkus-smallrye-metrics-spi-1.5.1.Final.jar (5.5 kB) | quarkus-smallrye-metrics-deployment-1.5.1.Final.jar (29 kB)Progress (4): quarkus-arc-deployment-1.5.1.Final.jar (150 kB) | arc-processor-1.5.1.Final.jar (123/311 kB) | quarkus-smallrye-metrics-spi-1.5.1.Final.jar (5.5 kB) | quarkus-smallrye-metrics-deployment-1.5.1.Final.jar (29 kB)Progress (4): quarkus-arc-deployment-1.5.1.Final.jar (150 kB) | arc-processor-1.5.1.Final.jar (126/311 kB) | quarkus-smallrye-metrics-spi-1.5.1.Final.jar (5.5 kB) | quarkus-smallrye-metrics-deployment-1.5.1.Final.jar (29 kB)Progress (4): quarkus-arc-deployment-1.5.1.Final.jar (150 kB) | arc-processor-1.5.1.Final.jar (129/311 kB) | quarkus-smallrye-metrics-spi-1.5.1.Final.jar (5.5 kB) | quarkus-smallrye-metrics-deployment-1.5.1.Final.jar (29 kB)Progress (4): quarkus-arc-deployment-1.5.1.Final.jar (150 kB) | arc-processor-1.5.1.Final.jar (132/311 kB) | quarkus-smallrye-metrics-spi-1.5.1.Final.jar (5.5 kB) | quarkus-smallrye-metrics-deployment-1.5.1.Final.jar (29 kB)Progress (4): quarkus-arc-deployment-1.5.1.Final.jar (150 kB) | arc-processor-1.5.1.Final.jar (134/311 kB) | quarkus-smallrye-metrics-spi-1.5.1.Final.jar (5.5 kB) | quarkus-smallrye-metrics-deployment-1.5.1.Final.jar (29 kB)Progress (4): quarkus-arc-deployment-1.5.1.Final.jar (150 kB) | arc-processor-1.5.1.Final.jar (137/311 kB) | quarkus-smallrye-metrics-spi-1.5.1.Final.jar (5.5 kB) | quarkus-smallrye-metrics-deployment-1.5.1.Final.jar (29 kB)Progress (4): quarkus-arc-deployment-1.5.1.Final.jar (150 kB) | arc-processor-1.5.1.Final.jar (140/311 kB) | quarkus-smallrye-metrics-spi-1.5.1.Final.jar (5.5 kB) | quarkus-smallrye-metrics-deployment-1.5.1.Final.jar (29 kB)Progress (4): quarkus-arc-deployment-1.5.1.Final.jar (150 kB) | arc-processor-1.5.1.Final.jar (143/311 kB) | quarkus-smallrye-metrics-spi-1.5.1.Final.jar (5.5 kB) | quarkus-smallrye-metrics-deployment-1.5.1.Final.jar (29 kB)Progress (4): quarkus-arc-deployment-1.5.1.Final.jar (150 kB) | arc-processor-1.5.1.Final.jar (145/311 kB) | quarkus-smallrye-metrics-spi-1.5.1.Final.jar (5.5 kB) | quarkus-smallrye-metrics-deployment-1.5.1.Final.jar (29 kB)Progress (4): quarkus-arc-deployment-1.5.1.Final.jar (150 kB) | arc-processor-1.5.1.Final.jar (148/311 kB) | quarkus-smallrye-metrics-spi-1.5.1.Final.jar (5.5 kB) | quarkus-smallrye-metrics-deployment-1.5.1.Final.jar (29 kB)Progress (4): quarkus-arc-deployment-1.5.1.Final.jar (150 kB) | arc-processor-1.5.1.Final.jar (151/311 kB) | quarkus-smallrye-metrics-spi-1.5.1.Final.jar (5.5 kB) | quarkus-smallrye-metrics-deployment-1.5.1.Final.jar (29 kB)Progress (4): quarkus-arc-deployment-1.5.1.Final.jar (150 kB) | arc-processor-1.5.1.Final.jar (154/311 kB) | quarkus-smallrye-metrics-spi-1.5.1.Final.jar (5.5 kB) | quarkus-smallrye-metrics-deployment-1.5.1.Final.jar (29 kB)Progress (4): quarkus-arc-deployment-1.5.1.Final.jar (150 kB) | arc-processor-1.5.1.Final.jar (156/311 kB) | quarkus-smallrye-metrics-spi-1.5.1.Final.jar (5.5 kB) | quarkus-smallrye-metrics-deployment-1.5.1.Final.jar (29 kB)Progress (4): quarkus-arc-deployment-1.5.1.Final.jar (150 kB) | arc-processor-1.5.1.Final.jar (159/311 kB) | quarkus-smallrye-metrics-spi-1.5.1.Final.jar (5.5 kB) | quarkus-smallrye-metrics-deployment-1.5.1.Final.jar (29 kB)Progress (4): quarkus-arc-deployment-1.5.1.Final.jar (150 kB) | arc-processor-1.5.1.Final.jar (162/311 kB) | quarkus-smallrye-metrics-spi-1.5.1.Final.jar (5.5 kB) | quarkus-smallrye-metrics-deployment-1.5.1.Final.jar (29 kB)Progress (4): quarkus-arc-deployment-1.5.1.Final.jar (150 kB) | arc-processor-1.5.1.Final.jar (165/311 kB) | quarkus-smallrye-metrics-spi-1.5.1.Final.jar (5.5 kB) | quarkus-smallrye-metrics-deployment-1.5.1.Final.jar (29 kB)Progress (4): quarkus-arc-deployment-1.5.1.Final.jar (150 kB) | arc-processor-1.5.1.Final.jar (167/311 kB) | quarkus-smallrye-metrics-spi-1.5.1.Final.jar (5.5 kB) | quarkus-smallrye-metrics-deployment-1.5.1.Final.jar (29 kB)                                                                                                                                                                                                                                Downloaded from central: https://repo.maven.apache.org/maven2/io/quarkus/quarkus-smallrye-metrics-spi/1.5.1.Final/quarkus-smallrye-metrics-spi-1.5.1.Final.jar (5.5 kB at 1.5 kB/s)
Downloading from central: https://repo.maven.apache.org/maven2/org/graalvm/nativeimage/svm/19.3.1/svm-19.3.1.jar
Progress (3): quarkus-arc-deployment-1.5.1.Final.jar (150 kB) | arc-processor-1.5.1.Final.jar (170/311 kB) | quarkus-smallrye-metrics-deployment-1.5.1.Final.jar (29 kB)Progress (3): quarkus-arc-deployment-1.5.1.Final.jar (150 kB) | arc-processor-1.5.1.Final.jar (173/311 kB) | quarkus-smallrye-metrics-deployment-1.5.1.Final.jar (29 kB)Progress (3): quarkus-arc-deployment-1.5.1.Final.jar (150 kB) | arc-processor-1.5.1.Final.jar (175/311 kB) | quarkus-smallrye-metrics-deployment-1.5.1.Final.jar (29 kB)Progress (3): quarkus-arc-deployment-1.5.1.Final.jar (150 kB) | arc-processor-1.5.1.Final.jar (178/311 kB) | quarkus-smallrye-metrics-deployment-1.5.1.Final.jar (29 kB)Progress (3): quarkus-arc-deployment-1.5.1.Final.jar (150 kB) | arc-processor-1.5.1.Final.jar (181/311 kB) | quarkus-smallrye-metrics-deployment-1.5.1.Final.jar (29 kB)Progress (3): quarkus-arc-deployment-1.5.1.Final.jar (150 kB) | arc-processor-1.5.1.Final.jar (184/311 kB) | quarkus-smallrye-metrics-deployment-1.5.1.Final.jar (29 kB)Progress (3): quarkus-arc-deployment-1.5.1.Final.jar (150 kB) | arc-processor-1.5.1.Final.jar (186/311 kB) | quarkus-smallrye-metrics-deployment-1.5.1.Final.jar (29 kB)Progress (3): quarkus-arc-deployment-1.5.1.Final.jar (150 kB) | arc-processor-1.5.1.Final.jar (189/311 kB) | quarkus-smallrye-metrics-deployment-1.5.1.Final.jar (29 kB)Progress (3): quarkus-arc-deployment-1.5.1.Final.jar (150 kB) | arc-processor-1.5.1.Final.jar (192/311 kB) | quarkus-smallrye-metrics-deployment-1.5.1.Final.jar (29 kB)Progress (3): quarkus-arc-deployment-1.5.1.Final.jar (150 kB) | arc-processor-1.5.1.Final.jar (195/311 kB) | quarkus-smallrye-metrics-deployment-1.5.1.Final.jar (29 kB)Progress (3): quarkus-arc-deployment-1.5.1.Final.jar (150 kB) | arc-processor-1.5.1.Final.jar (197/311 kB) | quarkus-smallrye-metrics-deployment-1.5.1.Final.jar (29 kB)                                                                                                                                                                        Downloaded from central: https://repo.maven.apache.org/maven2/io/quarkus/quarkus-smallrye-metrics-deployment/1.5.1.Final/quarkus-smallrye-metrics-deployment-1.5.1.Final.jar (29 kB at 7.6 kB/s)
Downloading from central: https://repo.maven.apache.org/maven2/io/quarkus/quarkus-smallrye-fault-tolerance-deployment/1.5.1.Final/quarkus-smallrye-fault-tolerance-deployment-1.5.1.Final.jar
Downloaded from central: https://repo.maven.apache.org/maven2/io/quarkus/quarkus-arc-deployment/1.5.1.Final/quarkus-arc-deployment-1.5.1.Final.jar (150 kB at 39 kB/s)
Downloading from central: https://repo.maven.apache.org/maven2/io/quarkus/quarkus-smallrye-openapi-common-deployment/1.5.1.Final/quarkus-smallrye-openapi-common-deployment-1.5.1.Final.jar
Progress (1): arc-processor-1.5.1.Final.jar (200/311 kB)Progress (2): arc-processor-1.5.1.Final.jar (200/311 kB) | quarkus-smallrye-context-propagation-deployment-1.5.1.Final.jar (2.7/6.9 kB)Progress (2): arc-processor-1.5.1.Final.jar (200/311 kB) | quarkus-smallrye-context-propagation-deployment-1.5.1.Final.jar (5.5/6.9 kB)Progress (2): arc-processor-1.5.1.Final.jar (200/311 kB) | quarkus-smallrye-context-propagation-deployment-1.5.1.Final.jar (6.9 kB)    Progress (2): arc-processor-1.5.1.Final.jar (203/311 kB) | quarkus-smallrye-context-propagation-deployment-1.5.1.Final.jar (6.9 kB)Progress (2): arc-processor-1.5.1.Final.jar (206/311 kB) | quarkus-smallrye-context-propagation-deployment-1.5.1.Final.jar (6.9 kB)Progress (2): arc-processor-1.5.1.Final.jar (208/311 kB) | quarkus-smallrye-context-propagation-deployment-1.5.1.Final.jar (6.9 kB)Progress (2): arc-processor-1.5.1.Final.jar (211/311 kB) | quarkus-smallrye-context-propagation-deployment-1.5.1.Final.jar (6.9 kB)Progress (2): arc-processor-1.5.1.Final.jar (214/311 kB) | quarkus-smallrye-context-propagation-deployment-1.5.1.Final.jar (6.9 kB)Progress (2): arc-processor-1.5.1.Final.jar (217/311 kB) | quarkus-smallrye-context-propagation-deployment-1.5.1.Final.jar (6.9 kB)Progress (2): arc-processor-1.5.1.Final.jar (219/311 kB) | quarkus-smallrye-context-propagation-deployment-1.5.1.Final.jar (6.9 kB)Progress (2): arc-processor-1.5.1.Final.jar (222/311 kB) | quarkus-smallrye-context-propagation-deployment-1.5.1.Final.jar (6.9 kB)Progress (2): arc-processor-1.5.1.Final.jar (225/311 kB) | quarkus-smallrye-context-propagation-deployment-1.5.1.Final.jar (6.9 kB)Progress (2): arc-processor-1.5.1.Final.jar (228/311 kB) | quarkus-smallrye-context-propagation-deployment-1.5.1.Final.jar (6.9 kB)Progress (2): arc-processor-1.5.1.Final.jar (230/311 kB) | quarkus-smallrye-context-propagation-deployment-1.5.1.Final.jar (6.9 kB)Progress (2): arc-processor-1.5.1.Final.jar (233/311 kB) | quarkus-smallrye-context-propagation-deployment-1.5.1.Final.jar (6.9 kB)Progress (2): arc-processor-1.5.1.Final.jar (236/311 kB) | quarkus-smallrye-context-propagation-deployment-1.5.1.Final.jar (6.9 kB)Progress (2): arc-processor-1.5.1.Final.jar (239/311 kB) | quarkus-smallrye-context-propagation-deployment-1.5.1.Final.jar (6.9 kB)Progress (2): arc-processor-1.5.1.Final.jar (241/311 kB) | quarkus-smallrye-context-propagation-deployment-1.5.1.Final.jar (6.9 kB)Progress (2): arc-processor-1.5.1.Final.jar (244/311 kB) | quarkus-smallrye-context-propagation-deployment-1.5.1.Final.jar (6.9 kB)Progress (2): arc-processor-1.5.1.Final.jar (247/311 kB) | quarkus-smallrye-context-propagation-deployment-1.5.1.Final.jar (6.9 kB)Progress (2): arc-processor-1.5.1.Final.jar (250/311 kB) | quarkus-smallrye-context-propagation-deployment-1.5.1.Final.jar (6.9 kB)Progress (2): arc-processor-1.5.1.Final.jar (252/311 kB) | quarkus-smallrye-context-propagation-deployment-1.5.1.Final.jar (6.9 kB)Progress (2): arc-processor-1.5.1.Final.jar (255/311 kB) | quarkus-smallrye-context-propagation-deployment-1.5.1.Final.jar (6.9 kB)Progress (3): arc-processor-1.5.1.Final.jar (255/311 kB) | quarkus-smallrye-context-propagation-deployment-1.5.1.Final.jar (6.9 kB) | quarkus-smallrye-openapi-common-deployment-1.5.1.Final.jar (2.7/5.4 kB)Progress (3): arc-processor-1.5.1.Final.jar (255/311 kB) | quarkus-smallrye-context-propagation-deployment-1.5.1.Final.jar (6.9 kB) | quarkus-smallrye-openapi-common-deployment-1.5.1.Final.jar (5.4 kB)    Progress (4): arc-processor-1.5.1.Final.jar (255/311 kB) | quarkus-smallrye-context-propagation-deployment-1.5.1.Final.jar (6.9 kB) | quarkus-smallrye-openapi-common-deployment-1.5.1.Final.jar (5.4 kB) | quarkus-smallrye-fault-tolerance-deployment-1.5.1.Final.jar (2.7/12 kB)                                                                                                                                                                                                                                                                                   Downloaded from central: https://repo.maven.apache.org/maven2/io/quarkus/quarkus-smallrye-context-propagation-deployment/1.5.1.Final/quarkus-smallrye-context-propagation-deployment-1.5.1.Final.jar (6.9 kB at 1.5 kB/s)
Downloading from central: https://repo.maven.apache.org/maven2/org/webjars/swagger-ui/3.25.0/swagger-ui-3.25.0.jar
Progress (3): arc-processor-1.5.1.Final.jar (255/311 kB) | quarkus-smallrye-openapi-common-deployment-1.5.1.Final.jar (5.4 kB) | quarkus-smallrye-fault-tolerance-deployment-1.5.1.Final.jar (5.5/12 kB)Progress (3): arc-processor-1.5.1.Final.jar (255/311 kB) | quarkus-smallrye-openapi-common-deployment-1.5.1.Final.jar (5.4 kB) | quarkus-smallrye-fault-tolerance-deployment-1.5.1.Final.jar (8.2/12 kB)Progress (3): arc-processor-1.5.1.Final.jar (255/311 kB) | quarkus-smallrye-openapi-common-deployment-1.5.1.Final.jar (5.4 kB) | quarkus-smallrye-fault-tolerance-deployment-1.5.1.Final.jar (11/12 kB) Progress (3): arc-processor-1.5.1.Final.jar (255/311 kB) | quarkus-smallrye-openapi-common-deployment-1.5.1.Final.jar (5.4 kB) | quarkus-smallrye-fault-tolerance-deployment-1.5.1.Final.jar (12 kB)   Progress (3): arc-processor-1.5.1.Final.jar (259/311 kB) | quarkus-smallrye-openapi-common-deployment-1.5.1.Final.jar (5.4 kB) | quarkus-smallrye-fault-tolerance-deployment-1.5.1.Final.jar (12 kB)Progress (3): arc-processor-1.5.1.Final.jar (263/311 kB) | quarkus-smallrye-openapi-common-deployment-1.5.1.Final.jar (5.4 kB) | quarkus-smallrye-fault-tolerance-deployment-1.5.1.Final.jar (12 kB)Progress (3): arc-processor-1.5.1.Final.jar (267/311 kB) | quarkus-smallrye-openapi-common-deployment-1.5.1.Final.jar (5.4 kB) | quarkus-smallrye-fault-tolerance-deployment-1.5.1.Final.jar (12 kB)Progress (3): arc-processor-1.5.1.Final.jar (271/311 kB) | quarkus-smallrye-openapi-common-deployment-1.5.1.Final.jar (5.4 kB) | quarkus-smallrye-fault-tolerance-deployment-1.5.1.Final.jar (12 kB)Progress (3): arc-processor-1.5.1.Final.jar (275/311 kB) | quarkus-smallrye-openapi-common-deployment-1.5.1.Final.jar (5.4 kB) | quarkus-smallrye-fault-tolerance-deployment-1.5.1.Final.jar (12 kB)Progress (3): arc-processor-1.5.1.Final.jar (280/311 kB) | quarkus-smallrye-openapi-common-deployment-1.5.1.Final.jar (5.4 kB) | quarkus-smallrye-fault-tolerance-deployment-1.5.1.Final.jar (12 kB)Progress (3): arc-processor-1.5.1.Final.jar (284/311 kB) | quarkus-smallrye-openapi-common-deployment-1.5.1.Final.jar (5.4 kB) | quarkus-smallrye-fault-tolerance-deployment-1.5.1.Final.jar (12 kB)Progress (3): arc-processor-1.5.1.Final.jar (288/311 kB) | quarkus-smallrye-openapi-common-deployment-1.5.1.Final.jar (5.4 kB) | quarkus-smallrye-fault-tolerance-deployment-1.5.1.Final.jar (12 kB)Progress (3): arc-processor-1.5.1.Final.jar (292/311 kB) | quarkus-smallrye-openapi-common-deployment-1.5.1.Final.jar (5.4 kB) | quarkus-smallrye-fault-tolerance-deployment-1.5.1.Final.jar (12 kB)Progress (3): arc-processor-1.5.1.Final.jar (296/311 kB) | quarkus-smallrye-openapi-common-deployment-1.5.1.Final.jar (5.4 kB) | quarkus-smallrye-fault-tolerance-deployment-1.5.1.Final.jar (12 kB)Progress (3): arc-processor-1.5.1.Final.jar (300/311 kB) | quarkus-smallrye-openapi-common-deployment-1.5.1.Final.jar (5.4 kB) | quarkus-smallrye-fault-tolerance-deployment-1.5.1.Final.jar (12 kB)Progress (3): arc-processor-1.5.1.Final.jar (304/311 kB) | quarkus-smallrye-openapi-common-deployment-1.5.1.Final.jar (5.4 kB) | quarkus-smallrye-fault-tolerance-deployment-1.5.1.Final.jar (12 kB)Progress (3): arc-processor-1.5.1.Final.jar (308/311 kB) | quarkus-smallrye-openapi-common-deployment-1.5.1.Final.jar (5.4 kB) | quarkus-smallrye-fault-tolerance-deployment-1.5.1.Final.jar (12 kB)Progress (3): arc-processor-1.5.1.Final.jar (311 kB) | quarkus-smallrye-openapi-common-deployment-1.5.1.Final.jar (5.4 kB) | quarkus-smallrye-fault-tolerance-deployment-1.5.1.Final.jar (12 kB)                                                                                                                                                                                                    Downloaded from central: https://repo.maven.apache.org/maven2/io/quarkus/quarkus-smallrye-openapi-common-deployment/1.5.1.Final/quarkus-smallrye-openapi-common-deployment-1.5.1.Final.jar (5.4 kB at 1.1 kB/s)
Downloading from central: https://repo.maven.apache.org/maven2/io/quarkus/quarkus-swagger-ui-deployment/1.5.1.Final/quarkus-swagger-ui-deployment-1.5.1.Final.jar
Progress (3): arc-processor-1.5.1.Final.jar (311 kB) | quarkus-smallrye-fault-tolerance-deployment-1.5.1.Final.jar (12 kB) | swagger-ui-3.25.0.jar (0/3.0 MB)                                                                                                                                                             Downloaded from central: https://repo.maven.apache.org/maven2/io/quarkus/quarkus-smallrye-fault-tolerance-deployment/1.5.1.Final/quarkus-smallrye-fault-tolerance-deployment-1.5.1.Final.jar (12 kB at 2.3 kB/s)
Downloading from central: https://repo.maven.apache.org/maven2/io/quarkus/quarkus-smallrye-openapi-deployment/1.5.1.Final/quarkus-smallrye-openapi-deployment-1.5.1.Final.jar
Progress (3): arc-processor-1.5.1.Final.jar (311 kB) | swagger-ui-3.25.0.jar (0/3.0 MB) | svm-19.3.1.jar (0/10 MB)Progress (3): arc-processor-1.5.1.Final.jar (311 kB) | swagger-ui-3.25.0.jar (0/3.0 MB) | svm-19.3.1.jar (0/10 MB)Progress (4): arc-processor-1.5.1.Final.jar (311 kB) | swagger-ui-3.25.0.jar (0/3.0 MB) | svm-19.3.1.jar (0/10 MB) | quarkus-swagger-ui-deployment-1.5.1.Final.jar (2.7/13 kB)Progress (4): arc-processor-1.5.1.Final.jar (311 kB) | swagger-ui-3.25.0.jar (0/3.0 MB) | svm-19.3.1.jar (0/10 MB) | quarkus-swagger-ui-deployment-1.5.1.Final.jar (5.5/13 kB)Progress (4): arc-processor-1.5.1.Final.jar (311 kB) | swagger-ui-3.25.0.jar (0/3.0 MB) | svm-19.3.1.jar (0/10 MB) | quarkus-swagger-ui-deployment-1.5.1.Final.jar (8.2/13 kB)                                                                                                                                                                              Downloaded from central: https://repo.maven.apache.org/maven2/io/quarkus/arc/arc-processor/1.5.1.Final/arc-processor-1.5.1.Final.jar (311 kB at 59 kB/s)
Downloading from central: https://repo.maven.apache.org/maven2/io/quarkus/quarkus-mutiny-deployment/1.5.1.Final/quarkus-mutiny-deployment-1.5.1.Final.jar
Progress (3): swagger-ui-3.25.0.jar (0/3.0 MB) | svm-19.3.1.jar (0/10 MB) | quarkus-swagger-ui-deployment-1.5.1.Final.jar (11/13 kB)Progress (3): swagger-ui-3.25.0.jar (0/3.0 MB) | svm-19.3.1.jar (0/10 MB) | quarkus-swagger-ui-deployment-1.5.1.Final.jar (13 kB)   Progress (3): swagger-ui-3.25.0.jar (0/3.0 MB) | svm-19.3.1.jar (0/10 MB) | quarkus-swagger-ui-deployment-1.5.1.Final.jar (13 kB)Progress (3): swagger-ui-3.25.0.jar (0.1/3.0 MB) | svm-19.3.1.jar (0/10 MB) | quarkus-swagger-ui-deployment-1.5.1.Final.jar (13 kB)Progress (3): swagger-ui-3.25.0.jar (0.1/3.0 MB) | svm-19.3.1.jar (0/10 MB) | quarkus-swagger-ui-deployment-1.5.1.Final.jar (13 kB)Progress (4): swagger-ui-3.25.0.jar (0.1/3.0 MB) | svm-19.3.1.jar (0/10 MB) | quarkus-swagger-ui-deployment-1.5.1.Final.jar (13 kB) | quarkus-smallrye-openapi-deployment-1.5.1.Final.jar (2.7/17 kB)Progress (4): swagger-ui-3.25.0.jar (0.1/3.0 MB) | svm-19.3.1.jar (0/10 MB) | quarkus-swagger-ui-deployment-1.5.1.Final.jar (13 kB) | quarkus-smallrye-openapi-deployment-1.5.1.Final.jar (5.5/17 kB)Progress (4): swagger-ui-3.25.0.jar (0.1/3.0 MB) | svm-19.3.1.jar (0/10 MB) | quarkus-swagger-ui-deployment-1.5.1.Final.jar (13 kB) | quarkus-smallrye-openapi-deployment-1.5.1.Final.jar (8.2/17 kB)Progress (4): swagger-ui-3.25.0.jar (0.1/3.0 MB) | svm-19.3.1.jar (0/10 MB) | quarkus-swagger-ui-deployment-1.5.1.Final.jar (13 kB) | quarkus-smallrye-openapi-deployment-1.5.1.Final.jar (11/17 kB) Progress (4): swagger-ui-3.25.0.jar (0.1/3.0 MB) | svm-19.3.1.jar (0/10 MB) | quarkus-swagger-ui-deployment-1.5.1.Final.jar (13 kB) | quarkus-smallrye-openapi-deployment-1.5.1.Final.jar (14/17 kB)Progress (4): swagger-ui-3.25.0.jar (0.1/3.0 MB) | svm-19.3.1.jar (0/10 MB) | quarkus-swagger-ui-deployment-1.5.1.Final.jar (13 kB) | quarkus-smallrye-openapi-deployment-1.5.1.Final.jar (16/17 kB)Progress (4): swagger-ui-3.25.0.jar (0.1/3.0 MB) | svm-19.3.1.jar (0/10 MB) | quarkus-swagger-ui-deployment-1.5.1.Final.jar (13 kB) | quarkus-smallrye-openapi-deployment-1.5.1.Final.jar (17 kB)   Progress (4): swagger-ui-3.25.0.jar (0.1/3.0 MB) | svm-19.3.1.jar (0/10 MB) | quarkus-swagger-ui-deployment-1.5.1.Final.jar (13 kB) | quarkus-smallrye-openapi-deployment-1.5.1.Final.jar (17 kB)Progress (5): swagger-ui-3.25.0.jar (0.1/3.0 MB) | svm-19.3.1.jar (0/10 MB) | quarkus-swagger-ui-deployment-1.5.1.Final.jar (13 kB) | quarkus-smallrye-openapi-deployment-1.5.1.Final.jar (17 kB) | quarkus-mutiny-deployment-1.5.1.Final.jar (4.1/4.2 kB)Progress (5): swagger-ui-3.25.0.jar (0.1/3.0 MB) | svm-19.3.1.jar (0/10 MB) | quarkus-swagger-ui-deployment-1.5.1.Final.jar (13 kB) | quarkus-smallrye-openapi-deployment-1.5.1.Final.jar (17 kB) | quarkus-mutiny-deployment-1.5.1.Final.jar (4.2 kB)    Progress (5): swagger-ui-3.25.0.jar (0.1/3.0 MB) | svm-19.3.1.jar (0/10 MB) | quarkus-swagger-ui-deployment-1.5.1.Final.jar (13 kB) | quarkus-smallrye-openapi-deployment-1.5.1.Final.jar (17 kB) | quarkus-mutiny-deployment-1.5.1.Final.jar (4.2 kB)                                                                                                                                                                                                                                                      Downloaded from central: https://repo.maven.apache.org/maven2/io/quarkus/quarkus-swagger-ui-deployment/1.5.1.Final/quarkus-swagger-ui-deployment-1.5.1.Final.jar (13 kB at 2.2 kB/s)
Downloading from central: https://repo.maven.apache.org/maven2/io/quarkus/quarkus-narayana-jta-deployment/1.5.1.Final/quarkus-narayana-jta-deployment-1.5.1.Final.jar
[...]
Progress (2): swagger-ui-3.25.0.jar (1.8/3.0 MB) | svm-19.3.1.jar (1.7/10 MB)Progress (2): swagger-ui-3.25.0.jar (1.8/3.0 MB) | svm-19.3.1.jar (1.7/10 MB)Progress (2): swagger-ui-3.25.0.jar (1.8/3.0 MB) | svm-19.3.1.jar (1.7/10 MB)Progress (2): swagger-ui-3.25.0.jar (1.8/3.0 MB) | svm-19.3.1.jar (1.8/10 MB)Progress (2): swagger-ui-3.25.0.jar (1.8/3.0 MB) | svm-19.3.1.jar (1.8/10 MB)Progress (2): swagger-ui-3.25.0.jar (1.8/3.0 MB) | svm-19.3.1.jar (1.8/10 MB)Progress (2): swagger-ui-3.25.0.jar (1.8/3.0 MB) | svm-19.3.1.jar (1.8/10 MB)Progress (2): swagger-ui-3.25.0.jar (1.9/3.0 MB) | svm-19.3.1.jar (1.8/10 MB)Progress (2): swagger-ui-3.25.0.jar (1.9/3.0 MB) | svm-19.3.1.jar (1.8/10 MB)Progress (2): swagger-ui-3.25.0.jar (1.9/3.0 MB) | svm-19.3.1.jar (1.8/10 MB)Progress (2): swagger-ui-3.25.0.jar (1.9/3.0 MB) | svm-19.3.1.jar (1.9/10 MB)Progress (2): swagger-ui-3.25.0.jar (1.9/3.0 MB) | svm-19.3.1.jar (1.9/10 MB)Progress (2): swagger-ui-3.25.0.jar (1.9/3.0 MB) | svm-19.3.1.jar (1.9/10 MB)Progress (2): swagger-ui-3.25.0.jar (1.9/3.0 MB) | svm-19.3.1.jar (1.9/10 MB)Progress (2): swagger-ui-3.25.0.jar (1.9/3.0 MB) | svm-19.3.1.jar (1.9/10 MB)Progress (2): swagger-ui-3.25.0.jar (2.0/3.0 MB) | svm-19.3.1.jar (1.9/10 MB)Progress (2): swagger-ui-3.25.0.jar (2.0/3.0 MB) | svm-19.3.1.jar (2.0/10 MB)Progress (2): swagger-ui-3.25.0.jar (2.0/3.0 MB) | svm-19.3.1.jar (2.0/10 MB)Progress (2): swagger-ui-3.25.0.jar (2.0/3.0 MB) | svm-19.3.1.jar (2.0/10 MB)Progress (2): swagger-ui-3.25.0.jar (2.0/3.0 MB) | svm-19.3.1.jar (2.0/10 MB)Progress (2): swagger-ui-3.25.0.jar (2.0/3.0 MB) | svm-19.3.1.jar (2.0/10 MB)Progress (2): swagger-ui-3.25.0.jar (2.0/3.0 MB) | svm-19.3.1.jar (2.0/10 MB)Progress (2): swagger-ui-3.25.0.jar (2.0/3.0 MB) | svm-19.3.1.jar (2.0/10 MB)Progress (2): swagger-ui-3.25.0.jar (2.1/3.0 MB) | svm-19.3.1.jar (2.0/10 MB)Progress (2): swagger-ui-3.25.0.jar (2.1/3.0 MB) | svm-19.3.1.jar (2.1/10 MB)Progress (2): swagger-ui-3.25.0.jar (2.1/3.0 MB) | svm-19.3.1.jar (2.1/10 MB)Progress (2): swagger-ui-3.25.0.jar (2.1/3.0 MB) | svm-19.3.1.jar (2.1/10 MB)Progress (2): swagger-ui-3.25.0.jar (2.1/3.0 MB) | svm-19.3.1.jar (2.1/10 MB)Progress (2): swagger-ui-3.25.0.jar (2.1/3.0 MB) | svm-19.3.1.jar (2.1/10 MB)Progress (2): swagger-ui-3.25.0.jar (2.1/3.0 MB) | svm-19.3.1.jar (2.1/10 MB)Progress (2): swagger-ui-3.25.0.jar (2.1/3.0 MB) | svm-19.3.1.jar (2.1/10 MB)Progress (2): swagger-ui-3.25.0.jar (2.1/3.0 MB) | svm-19.3.1.jar (2.2/10 MB)Progress (2): swagger-ui-3.25.0.jar (2.2/3.0 MB) | svm-19.3.1.jar (2.2/10 MB)Progress (2): swagger-ui-3.25.0.jar (2.2/3.0 MB) | svm-19.3.1.jar (2.2/10 MB)Progress (2): swagger-ui-3.25.0.jar (2.2/3.0 MB) | svm-19.3.1.jar (2.2/10 MB)Progress (2): swagger-ui-3.25.0.jar (2.2/3.0 MB) | svm-19.3.1.jar (2.2/10 MB)Progress (2): swagger-ui-3.25.0.jar (2.2/3.0 MB) | svm-19.3.1.jar (2.2/10 MB)Progress (2): swagger-ui-3.25.0.jar (2.2/3.0 MB) | svm-19.3.1.jar (2.3/10 MB)Progress (2): swagger-ui-3.25.0.jar (2.2/3.0 MB) | svm-19.3.1.jar (2.3/10 MB)Progress (2): swagger-ui-3.25.0.jar (2.2/3.0 MB) | svm-19.3.1.jar (2.3/10 MB)Progress (2): swagger-ui-3.25.0.jar (2.3/3.0 MB) | svm-19.3.1.jar (2.3/10 MB)Progress (2): swagger-ui-3.25.0.jar (2.3/3.0 MB) | svm-19.3.1.jar (2.3/10 MB)Progress (2): swagger-ui-3.25.0.jar (2.3/3.0 MB) | svm-19.3.1.jar (2.3/10 MB)Progress (2): swagger-ui-3.25.0.jar (2.3/3.0 MB) | svm-19.3.1.jar (2.3/10 MB)Progress (2): swagger-ui-3.25.0.jar (2.3/3.0 MB) | svm-19.3.1.jar (2.3/10 MB)Progress (2): swagger-ui-3.25.0.jar (2.3/3.0 MB) | svm-19.3.1.jar (2.4/10 MB)Progress (2): swagger-ui-3.25.0.jar (2.3/3.0 MB) | svm-19.3.1.jar (2.4/10 MB)Progress (2): swagger-ui-3.25.0.jar (2.3/3.0 MB) | svm-19.3.1.jar (2.4/10 MB)Progress (2): swagger-ui-3.25.0.jar (2.4/3.0 MB) | svm-19.3.1.jar (2.4/10 MB)Progress (2): swagger-ui-3.25.0.jar (2.4/3.0 MB) | svm-19.3.1.jar (2.4/10 MB)Progress (2): swagger-ui-3.25.0.jar (2.4/3.0 MB) | svm-19.3.1.jar (2.4/10 MB)Progress (2): swagger-ui-3.25.0.jar (2.4/3.0 MB) | svm-19.3.1.jar (2.4/10 MB)Progress (2): swagger-ui-3.25.0.jar (2.4/3.0 MB) | svm-19.3.1.jar (2.4/10 MB)Progress (2): swagger-ui-3.25.0.jar (2.4/3.0 MB) | svm-19.3.1.jar (2.5/10 MB)Progress (2): swagger-ui-3.25.0.jar (2.4/3.0 MB) | svm-19.3.1.jar (2.5/10 MB)Progress (2): swagger-ui-3.25.0.jar (2.4/3.0 MB) | svm-19.3.1.jar (2.5/10 MB)Progress (2): swagger-ui-3.25.0.jar (2.4/3.0 MB) | svm-19.3.1.jar (2.5/10 MB)Progress (2): swagger-ui-3.25.0.jar (2.4/3.0 MB) | svm-19.3.1.jar (2.5/10 MB)Progress (2): swagger-ui-3.25.0.jar (2.5/3.0 MB) | svm-19.3.1.jar (2.5/10 MB)Progress (2): swagger-ui-3.25.0.jar (2.5/3.0 MB) | svm-19.3.1.jar (2.5/10 MB)Progress (2): swagger-ui-3.25.0.jar (2.5/3.0 MB) | svm-19.3.1.jar (2.5/10 MB)Progress (2): swagger-ui-3.25.0.jar (2.5/3.0 MB) | svm-19.3.1.jar (2.5/10 MB)Progress (2): swagger-ui-3.25.0.jar (2.5/3.0 MB) | svm-19.3.1.jar (2.6/10 MB)Progress (2): swagger-ui-3.25.0.jar (2.5/3.0 MB) | svm-19.3.1.jar (2.6/10 MB)Progress (2): swagger-ui-3.25.0.jar (2.5/3.0 MB) | svm-19.3.1.jar (2.6/10 MB)Progress (2): swagger-ui-3.25.0.jar (2.5/3.0 MB) | svm-19.3.1.jar (2.6/10 MB)Progress (2): swagger-ui-3.25.0.jar (2.6/3.0 MB) | svm-19.3.1.jar (2.6/10 MB)Progress (2): swagger-ui-3.25.0.jar (2.6/3.0 MB) | svm-19.3.1.jar (2.6/10 MB)Progress (2): swagger-ui-3.25.0.jar (2.6/3.0 MB) | svm-19.3.1.jar (2.6/10 MB)Progress (2): swagger-ui-3.25.0.jar (2.6/3.0 MB) | svm-19.3.1.jar (2.7/10 MB)Progress (2): swagger-ui-3.25.0.jar (2.6/3.0 MB) | svm-19.3.1.jar (2.7/10 MB)Progress (2): swagger-ui-3.25.0.jar (2.6/3.0 MB) | svm-19.3.1.jar (2.7/10 MB)Progress (2): swagger-ui-3.25.0.jar (2.6/3.0 MB) | svm-19.3.1.jar (2.7/10 MB)Progress (2): swagger-ui-3.25.0.jar (2.7/3.0 MB) | svm-19.3.1.jar (2.7/10 MB)Progress (2): swagger-ui-3.25.0.jar (2.7/3.0 MB) | svm-19.3.1.jar (2.7/10 MB)Progress (2): swagger-ui-3.25.0.jar (2.7/3.0 MB) | svm-19.3.1.jar (2.7/10 MB)Progress (2): swagger-ui-3.25.0.jar (2.7/3.0 MB) | svm-19.3.1.jar (2.7/10 MB)Progress (2): swagger-ui-3.25.0.jar (2.7/3.0 MB) | svm-19.3.1.jar (2.7/10 MB)Progress (2): swagger-ui-3.25.0.jar (2.7/3.0 MB) | svm-19.3.1.jar (2.7/10 MB)Progress (2): swagger-ui-3.25.0.jar (2.7/3.0 MB) | svm-19.3.1.jar (2.7/10 MB)Progress (2): swagger-ui-3.25.0.jar (2.7/3.0 MB) | svm-19.3.1.jar (2.8/10 MB)Progress (2): swagger-ui-3.25.0.jar (2.8/3.0 MB) | svm-19.3.1.jar (2.8/10 MB)Progress (2): swagger-ui-3.25.0.jar (2.8/3.0 MB) | svm-19.3.1.jar (2.8/10 MB)Progress (2): swagger-ui-3.25.0.jar (2.8/3.0 MB) | svm-19.3.1.jar (2.8/10 MB)Progress (2): swagger-ui-3.25.0.jar (2.8/3.0 MB) | svm-19.3.1.jar (2.8/10 MB)Progress (2): swagger-ui-3.25.0.jar (2.8/3.0 MB) | svm-19.3.1.jar (2.8/10 MB)Progress (2): swagger-ui-3.25.0.jar (2.8/3.0 MB) | svm-19.3.1.jar (2.8/10 MB)Progress (2): swagger-ui-3.25.0.jar (2.8/3.0 MB) | svm-19.3.1.jar (2.8/10 MB)Progress (2): swagger-ui-3.25.0.jar (2.9/3.0 MB) | svm-19.3.1.jar (2.8/10 MB)Progress (2): swagger-ui-3.25.0.jar (2.9/3.0 MB) | svm-19.3.1.jar (2.8/10 MB)Progress (2): swagger-ui-3.25.0.jar (2.9/3.0 MB) | svm-19.3.1.jar (2.8/10 MB)Progress (2): swagger-ui-3.25.0.jar (2.9/3.0 MB) | svm-19.3.1.jar (2.8/10 MB)Progress (2): swagger-ui-3.25.0.jar (2.9/3.0 MB) | svm-19.3.1.jar (2.8/10 MB)Progress (2): swagger-ui-3.25.0.jar (2.9/3.0 MB) | svm-19.3.1.jar (2.9/10 MB)Progress (2): swagger-ui-3.25.0.jar (2.9/3.0 MB) | svm-19.3.1.jar (2.9/10 MB)Progress (2): swagger-ui-3.25.0.jar (3.0/3.0 MB) | svm-19.3.1.jar (2.9/10 MB)Progress (2): swagger-ui-3.25.0.jar (3.0/3.0 MB) | svm-19.3.1.jar (2.9/10 MB)Progress (2): swagger-ui-3.25.0.jar (3.0/3.0 MB) | svm-19.3.1.jar (2.9/10 MB)Progress (2): swagger-ui-3.25.0.jar (3.0 MB) | svm-19.3.1.jar (2.9/10 MB)    Progress (2): swagger-ui-3.25.0.jar (3.0 MB) | svm-19.3.1.jar (2.9/10 MB)Progress (2): swagger-ui-3.25.0.jar (3.0 MB) | svm-19.3.1.jar (3.0/10 MB)Progress (2): swagger-ui-3.25.0.jar (3.0 MB) | svm-19.3.1.jar (3.0/10 MB)                                                                         Downloaded from central: https://repo.maven.apache.org/maven2/org/webjars/swagger-ui/3.25.0/swagger-ui-3.25.0.jar (3.0 MB at 72 kB/s)
Progress (1): svm-19.3.1.jar (3.1/10 MB)Progress (1): svm-19.3.1.jar (3.1/10 MB)Progress (1): svm-19.3.1.jar (3.2/10 MB)Progress (1): svm-19.3.1.jar (3.2/10 MB)Progress (1): svm-19.3.1.jar (3.3/10 MB)Progress (1): svm-19.3.1.jar (3.3/10 MB)Progress (1): svm-19.3.1.jar (3.4/10 MB)Progress (1): svm-19.3.1.jar (3.4/10 MB)Progress (1): svm-19.3.1.jar (3.5/10 MB)Progress (1): svm-19.3.1.jar (3.5/10 MB)Progress (1): svm-19.3.1.jar (3.6/10 MB)Progress (1): svm-19.3.1.jar (3.6/10 MB)Progress (1): svm-19.3.1.jar (3.7/10 MB)Progress (1): svm-19.3.1.jar (3.7/10 MB)Progress (1): svm-19.3.1.jar (3.8/10 MB)Progress (1): svm-19.3.1.jar (3.8/10 MB)Progress (1): svm-19.3.1.jar (3.9/10 MB)Progress (1): svm-19.3.1.jar (3.9/10 MB)Progress (1): svm-19.3.1.jar (4.0/10 MB)Progress (1): svm-19.3.1.jar (4.0/10 MB)Progress (1): svm-19.3.1.jar (4.1/10 MB)Progress (1): svm-19.3.1.jar (4.1/10 MB)Progress (1): svm-19.3.1.jar (4.1/10 MB)Progress (1): svm-19.3.1.jar (4.2/10 MB)Progress (1): svm-19.3.1.jar (4.2/10 MB)Progress (1): svm-19.3.1.jar (4.3/10 MB)Progress (1): svm-19.3.1.jar (4.3/10 MB)Progress (1): svm-19.3.1.jar (4.4/10 MB)Progress (1): svm-19.3.1.jar (4.4/10 MB)Progress (1): svm-19.3.1.jar (4.5/10 MB)Progress (1): svm-19.3.1.jar (4.5/10 MB)Progress (1): svm-19.3.1.jar (4.6/10 MB)Progress (1): svm-19.3.1.jar (4.6/10 MB)Progress (1): svm-19.3.1.jar (4.7/10 MB)Progress (1): svm-19.3.1.jar (4.7/10 MB)Progress (1): svm-19.3.1.jar (4.8/10 MB)Progress (1): svm-19.3.1.jar (4.8/10 MB)Progress (1): svm-19.3.1.jar (4.9/10 MB)Progress (1): svm-19.3.1.jar (4.9/10 MB)Progress (1): svm-19.3.1.jar (5.0/10 MB)Progress (1): svm-19.3.1.jar (5.0/10 MB)Progress (1): svm-19.3.1.jar (5.1/10 MB)Progress (1): svm-19.3.1.jar (5.1/10 MB)Progress (1): svm-19.3.1.jar (5.2/10 MB)Progress (1): svm-19.3.1.jar (5.2/10 MB)Progress (1): svm-19.3.1.jar (5.3/10 MB)Progress (1): svm-19.3.1.jar (5.3/10 MB)Progress (1): svm-19.3.1.jar (5.4/10 MB)Progress (1): svm-19.3.1.jar (5.4/10 MB)Progress (1): svm-19.3.1.jar (5.5/10 MB)Progress (1): svm-19.3.1.jar (5.5/10 MB)Progress (1): svm-19.3.1.jar (5.6/10 MB)Progress (1): svm-19.3.1.jar (5.6/10 MB)Progress (1): svm-19.3.1.jar (5.7/10 MB)Progress (1): svm-19.3.1.jar (5.7/10 MB)Progress (1): svm-19.3.1.jar (5.8/10 MB)Progress (1): svm-19.3.1.jar (5.8/10 MB)Progress (1): svm-19.3.1.jar (5.9/10 MB)Progress (1): svm-19.3.1.jar (5.9/10 MB)Progress (1): svm-19.3.1.jar (6.0/10 MB)Progress (1): svm-19.3.1.jar (6.0/10 MB)Progress (1): svm-19.3.1.jar (6.1/10 MB)Progress (1): svm-19.3.1.jar (6.1/10 MB)Progress (1): svm-19.3.1.jar (6.2/10 MB)Progress (1): svm-19.3.1.jar (6.2/10 MB)Progress (1): svm-19.3.1.jar (6.3/10 MB)Progress (1): svm-19.3.1.jar (6.3/10 MB)Progress (1): svm-19.3.1.jar (6.4/10 MB)Progress (1): svm-19.3.1.jar (6.4/10 MB)Progress (1): svm-19.3.1.jar (6.5/10 MB)Progress (1): svm-19.3.1.jar (6.5/10 MB)Progress (1): svm-19.3.1.jar (6.6/10 MB)Progress (1): svm-19.3.1.jar (6.6/10 MB)Progress (1): svm-19.3.1.jar (6.7/10 MB)Progress (1): svm-19.3.1.jar (6.7/10 MB)Progress (1): svm-19.3.1.jar (6.8/10 MB)Progress (1): svm-19.3.1.jar (6.8/10 MB)Progress (1): svm-19.3.1.jar (6.9/10 MB)Progress (1): svm-19.3.1.jar (6.9/10 MB)Progress (1): svm-19.3.1.jar (7.0/10 MB)Progress (1): svm-19.3.1.jar (7.0/10 MB)Progress (1): svm-19.3.1.jar (7.0/10 MB)Progress (1): svm-19.3.1.jar (7.1/10 MB)Progress (1): svm-19.3.1.jar (7.1/10 MB)Progress (1): svm-19.3.1.jar (7.2/10 MB)Progress (1): svm-19.3.1.jar (7.2/10 MB)Progress (1): svm-19.3.1.jar (7.3/10 MB)Progress (1): svm-19.3.1.jar (7.3/10 MB)Progress (1): svm-19.3.1.jar (7.4/10 MB)Progress (1): svm-19.3.1.jar (7.4/10 MB)Progress (1): svm-19.3.1.jar (7.5/10 MB)Progress (1): svm-19.3.1.jar (7.5/10 MB)Progress (1): svm-19.3.1.jar (7.6/10 MB)Progress (1): svm-19.3.1.jar (7.6/10 MB)Progress (1): svm-19.3.1.jar (7.7/10 MB)Progress (1): svm-19.3.1.jar (7.7/10 MB)Progress (1): svm-19.3.1.jar (7.8/10 MB)Progress (1): svm-19.3.1.jar (7.8/10 MB)Progress (1): svm-19.3.1.jar (7.9/10 MB)Progress (1): svm-19.3.1.jar (7.9/10 MB)Progress (1): svm-19.3.1.jar (8.0/10 MB)Progress (1): svm-19.3.1.jar (8.0/10 MB)Progress (1): svm-19.3.1.jar (8.1/10 MB)Progress (1): svm-19.3.1.jar (8.1/10 MB)Progress (1): svm-19.3.1.jar (8.2/10 MB)Progress (1): svm-19.3.1.jar (8.2/10 MB)Progress (1): svm-19.3.1.jar (8.3/10 MB)Progress (1): svm-19.3.1.jar (8.3/10 MB)Progress (1): svm-19.3.1.jar (8.4/10 MB)Progress (1): svm-19.3.1.jar (8.4/10 MB)Progress (1): svm-19.3.1.jar (8.5/10 MB)Progress (1): svm-19.3.1.jar (8.5/10 MB)Progress (1): svm-19.3.1.jar (8.6/10 MB)Progress (1): svm-19.3.1.jar (8.6/10 MB)Progress (1): svm-19.3.1.jar (8.7/10 MB)Progress (1): svm-19.3.1.jar (8.7/10 MB)Progress (1): svm-19.3.1.jar (8.8/10 MB)Progress (1): svm-19.3.1.jar (8.8/10 MB)Progress (1): svm-19.3.1.jar (8.9/10 MB)Progress (1): svm-19.3.1.jar (8.9/10 MB)Progress (1): svm-19.3.1.jar (9.0/10 MB)Progress (1): svm-19.3.1.jar (9.0/10 MB)Progress (1): svm-19.3.1.jar (9.1/10 MB)Progress (1): svm-19.3.1.jar (9.1/10 MB)Progress (1): svm-19.3.1.jar (9.2/10 MB)Progress (1): svm-19.3.1.jar (9.2/10 MB)Progress (1): svm-19.3.1.jar (9.3/10 MB)Progress (1): svm-19.3.1.jar (9.3/10 MB)Progress (1): svm-19.3.1.jar (9.4/10 MB)Progress (1): svm-19.3.1.jar (9.4/10 MB)Progress (1): svm-19.3.1.jar (9.5/10 MB)Progress (1): svm-19.3.1.jar (9.5/10 MB)Progress (1): svm-19.3.1.jar (9.6/10 MB)Progress (1): svm-19.3.1.jar (9.6/10 MB)Progress (1): svm-19.3.1.jar (9.7/10 MB)Progress (1): svm-19.3.1.jar (9.7/10 MB)Progress (1): svm-19.3.1.jar (9.8/10 MB)Progress (1): svm-19.3.1.jar (9.8/10 MB)Progress (1): svm-19.3.1.jar (9.9/10 MB)Progress (1): svm-19.3.1.jar (9.9/10 MB)Progress (1): svm-19.3.1.jar (9.9/10 MB)Progress (1): svm-19.3.1.jar (10.0/10 MB)Progress (1): svm-19.3.1.jar (10/10 MB)  Progress (1): svm-19.3.1.jar (10/10 MB)Progress (1): svm-19.3.1.jar (10/10 MB)Progress (1): svm-19.3.1.jar (10 MB)                                       Downloaded from central: https://repo.maven.apache.org/maven2/org/graalvm/nativeimage/svm/19.3.1/svm-19.3.1.jar (10 MB at 115 kB/s)
2020-06-12 16:20:24,308 WARN  [io.qua.dep.QuarkusAugmentor] (main) Using Java versions older than 11 to build Quarkus applications is deprecated and will be disallowed in a future release!
2020-06-12 16:20:33,948 INFO  [io.quarkus] (main) Quarkus 1.5.1.Final on JVM started in 9.950s. Listening on: http://0.0.0.0:8890
2020-06-12 16:20:33,948 INFO  [io.quarkus] (main) Profile test activated. 
2020-06-12 16:20:33,948 INFO  [io.quarkus] (main) Installed features: [agroal, cdi, hibernate-orm, jdbc-h2, jdbc-postgresql, mutiny, narayana-jta, resteasy, resteasy-jsonb, servlet, smallrye-context-propagation, smallrye-fault-tolerance, smallrye-health, smallrye-metrics, smallrye-openapi, swagger-ui]
2020-06-12 16:20:35,362 INFO  [io.spe.hov.jun.cor.TempFileManager] (main) Selecting the following binary based on the current operating system: hoverfly_windows_amd64.exe
2020-06-12 16:20:35,362 INFO  [io.spe.hov.jun.cor.TempFileManager] (main) Storing binary in temporary directory C:\Users\ERIKLI~1\AppData\Local\Temp\hoverfly.6200747216371218066\hoverfly_windows_amd64.exe
2020-06-12 16:20:35,595 INFO  [io.spe.hov.jun.cor.Hoverfly] (main) Executing binary at C:\Users\ERIKLI~1\AppData\Local\Temp\hoverfly.6200747216371218066\hoverfly_windows_amd64.exe
2020-06-12 16:20:36,917 INFO  [hoverfly] (Thread-75) Default proxy port has been overwritten port=51448
2020-06-12 16:20:36,933 INFO  [hoverfly] (Thread-75) Default admin port has been overwritten port=51449
2020-06-12 16:20:36,933 INFO  [hoverfly] (Thread-75) Using memory backend 
2020-06-12 16:20:36,933 INFO  [hoverfly] (Thread-75) Proxy prepared... Destination=. Mode=simulate ProxyPort=51448
2020-06-12 16:20:36,933 INFO  [hoverfly] (Thread-75) current proxy configuration destination=. mode=simulate port=51448
2020-06-12 16:20:36,933 INFO  [hoverfly] (Thread-75) Admin interface is starting... AdminPort=51449
2020-06-12 16:20:36,933 INFO  [hoverfly] (Thread-75) serving proxy 
2020-06-12 16:20:37,197 INFO  [hoverfly] (Thread-75) Mode has been changed mode=simulate
2020-06-12 16:20:37,927 WARN  [hoverfly] (Thread-75) Stopping listener 
2020-06-12 16:20:37,928 INFO  [hoverfly] (Thread-75) sending done signal 
2020-06-12 16:20:37,928 INFO  [hoverfly] (Thread-75) Proxy prepared... Destination=0.0.0.0:8890/rest/v1 Mode=simulate ProxyPort=51448
2020-06-12 16:20:37,928 INFO  [hoverfly] (Thread-75) current proxy configuration destination=0.0.0.0:8890/rest/v1 mode=simulate port=51448
2020-06-12 16:20:37,928 INFO  [hoverfly] (Thread-75) serving proxy 
2020-06-12 16:20:37,930 INFO  [io.spe.hov.jun.cor.ProxyConfigurer] (main) Setting proxy host to localhost
2020-06-12 16:20:37,930 INFO  [io.spe.hov.jun.cor.ProxyConfigurer] (main) Setting proxy proxyPort to 51448
2020-06-12 16:20:37,930 INFO  [io.spe.hov.jun.cor.Hoverfly] (main) Importing simulation data to Hoverfly
2020-06-12 16:20:38,963 INFO  [hoverfly] (Thread-75) Mode has been changed mode=simulate
2020-06-12 16:20:38,963 INFO  [io.spe.hov.jun.cor.Hoverfly] (main) Importing simulation data to Hoverfly
]]></system-out>
    <system-err><![CDATA[SLF4J: Class path contains multiple SLF4J bindings.
SLF4J: Found binding in [jar:file:/C:/Users/Erik%20Lidstr%C3%B6m/.m2/repository/org/jboss/slf4j/slf4j-jboss-logging/1.2.0.Final/slf4j-jboss-logging-1.2.0.Final.jar!/org/slf4j/impl/StaticLoggerBinder.class]
SLF4J: Found binding in [jar:file:/C:/Users/Erik%20Lidstr%C3%B6m/.m2/repository/ch/qos/logback/logback-classic/1.1.3/logback-classic-1.1.3.jar!/org/slf4j/impl/StaticLoggerBinder.class]
SLF4J: See http://www.slf4j.org/codes.html#multiple_bindings for an explanation.
SLF4J: Actual binding is of type [org.jboss.slf4j.JBossLoggerFactory]
SLF4J: Class path contains multiple SLF4J bindings.
SLF4J: Found binding in [jar:file:/C:/Users/Erik%20Lidström/.m2/repository/org/jboss/slf4j/slf4j-jboss-logging/1.2.0.Final/slf4j-jboss-logging-1.2.0.Final.jar!/org/slf4j/impl/StaticLoggerBinder.class]
SLF4J: Found binding in [jar:file:/C:/Users/Erik%20Lidström/.m2/repository/ch/qos/logback/logback-classic/1.1.3/logback-classic-1.1.3.jar!/org/slf4j/impl/StaticLoggerBinder.class]
SLF4J: See http://www.slf4j.org/codes.html#multiple_bindings for an explanation.
SLF4J: Actual binding is of type [org.jboss.slf4j.JBossLoggerFactory]
]]></system-err>
  </testcase>
</testsuite>